{"/home/travis/build/npmtest/node-npmtest-morphdom/test.js":{"path":"/home/travis/build/npmtest/node-npmtest-morphdom/test.js","s":{"1":2,"2":2,"3":2,"4":2,"5":2,"6":2,"7":2,"8":1,"9":2,"10":2,"11":1,"12":1,"13":1,"14":1,"15":2,"16":2,"17":2,"18":2,"19":1,"20":1,"21":2,"22":2,"23":2,"24":1,"25":1,"26":1,"27":1,"28":1,"29":1,"30":1,"31":1,"32":1,"33":1,"34":1,"35":1,"36":1,"37":2,"38":2,"39":1,"40":2,"41":2,"42":1,"43":2,"44":2,"45":1,"46":2,"47":2,"48":1,"49":1,"50":1,"51":1,"52":1},"b":{"1":[2,1,1,1],"2":[1,1,1,1],"3":[1,1],"4":[1,1],"5":[1,1],"6":[1,1],"7":[1,1],"8":[1,1],"9":[1,1,1],"10":[1,1],"11":[1,1],"12":[1,1],"13":[1,1],"14":[1,1],"15":[1,1],"16":[1,1]},"f":{"1":2,"2":2,"3":2,"4":2,"5":2,"6":1,"7":1,"8":2,"9":2,"10":2,"11":2,"12":1},"fnMap":{"1":{"name":"(anonymous_1)","line":12,"loc":{"start":{"line":12,"column":1},"end":{"line":12,"column":13}}},"2":{"name":"(anonymous_2)","line":19,"loc":{"start":{"line":19,"column":5},"end":{"line":19,"column":17}}},"3":{"name":"(anonymous_3)","line":23,"loc":{"start":{"line":23,"column":24},"end":{"line":23,"column":36}}},"4":{"name":"(anonymous_4)","line":61,"loc":{"start":{"line":61,"column":5},"end":{"line":61,"column":17}}},"5":{"name":"(anonymous_5)","line":82,"loc":{"start":{"line":82,"column":5},"end":{"line":82,"column":17}}},"6":{"name":"(anonymous_6)","line":102,"loc":{"start":{"line":102,"column":83},"end":{"line":105,"column":10}},"skip":true},"7":{"name":"(anonymous_7)","line":113,"loc":{"start":{"line":113,"column":77},"end":{"line":116,"column":10}},"skip":true},"8":{"name":"(anonymous_8)","line":129,"loc":{"start":{"line":129,"column":12},"end":{"line":129,"column":40}},"skip":true},"9":{"name":"(anonymous_9)","line":137,"loc":{"start":{"line":137,"column":77},"end":{"line":140,"column":10}},"skip":true},"10":{"name":"(anonymous_10)","line":148,"loc":{"start":{"line":148,"column":83},"end":{"line":151,"column":10}},"skip":true},"11":{"name":"(anonymous_11)","line":159,"loc":{"start":{"line":159,"column":79},"end":{"line":162,"column":10}},"skip":true},"12":{"name":"(anonymous_12)","line":170,"loc":{"start":{"line":170,"column":75},"end":{"line":173,"column":10}},"skip":true}},"statementMap":{"1":{"start":{"line":12,"column":0},"end":{"line":185,"column":5}},"2":{"start":{"line":14,"column":4},"end":{"line":14,"column":14}},"3":{"start":{"line":19,"column":4},"end":{"line":56,"column":9}},"4":{"start":{"line":21,"column":8},"end":{"line":21,"column":19}},"5":{"start":{"line":23,"column":8},"end":{"line":35,"column":13}},"6":{"start":{"line":24,"column":12},"end":{"line":34,"column":13}},"7":{"start":{"line":25,"column":16},"end":{"line":28,"column":30}},"8":{"start":{"line":30,"column":16},"end":{"line":33,"column":27}},"9":{"start":{"line":37,"column":8},"end":{"line":39,"column":21}},"10":{"start":{"line":40,"column":8},"end":{"line":53,"column":9}},"11":{"start":{"line":43,"column":12},"end":{"line":46,"column":14}},"12":{"start":{"line":47,"column":12},"end":{"line":47,"column":18}},"13":{"start":{"line":50,"column":12},"end":{"line":51,"column":46}},"14":{"start":{"line":52,"column":12},"end":{"line":52,"column":18}},"15":{"start":{"line":55,"column":8},"end":{"line":55,"column":35}},"16":{"start":{"line":61,"column":4},"end":{"line":63,"column":9}},"17":{"start":{"line":62,"column":8},"end":{"line":62,"column":15}},"18":{"start":{"line":64,"column":4},"end":{"line":77,"column":5}},"19":{"start":{"line":70,"column":8},"end":{"line":70,"column":14}},"20":{"start":{"line":76,"column":8},"end":{"line":76,"column":14}},"21":{"start":{"line":82,"column":4},"end":{"line":84,"column":9}},"22":{"start":{"line":83,"column":8},"end":{"line":83,"column":15}},"23":{"start":{"line":85,"column":4},"end":{"line":184,"column":5}},"24":{"start":{"line":92,"column":8},"end":{"line":94,"column":63}},"25":{"start":{"line":95,"column":8},"end":{"line":95,"column":14}},"26":{"start":{"line":102,"column":8},"end":{"line":111,"column":10},"skip":true},"27":{"start":{"line":109,"column":12},"end":{"line":109,"column":55},"skip":true},"28":{"start":{"line":110,"column":12},"end":{"line":110,"column":48},"skip":true},"29":{"start":{"line":113,"column":8},"end":{"line":126,"column":10},"skip":true},"30":{"start":{"line":120,"column":12},"end":{"line":120,"column":76},"skip":true},"31":{"start":{"line":121,"column":12},"end":{"line":121,"column":73},"skip":true},"32":{"start":{"line":122,"column":12},"end":{"line":122,"column":74},"skip":true},"33":{"start":{"line":123,"column":12},"end":{"line":123,"column":79},"skip":true},"34":{"start":{"line":124,"column":12},"end":{"line":124,"column":25},"skip":true},"35":{"start":{"line":125,"column":12},"end":{"line":125,"column":45},"skip":true},"36":{"start":{"line":128,"column":8},"end":{"line":135,"column":14},"skip":true},"37":{"start":{"line":133,"column":16},"end":{"line":133,"column":29},"skip":true},"38":{"start":{"line":134,"column":16},"end":{"line":134,"column":55},"skip":true},"39":{"start":{"line":137,"column":8},"end":{"line":146,"column":10},"skip":true},"40":{"start":{"line":144,"column":12},"end":{"line":144,"column":25},"skip":true},"41":{"start":{"line":145,"column":12},"end":{"line":145,"column":45},"skip":true},"42":{"start":{"line":148,"column":8},"end":{"line":157,"column":10},"skip":true},"43":{"start":{"line":155,"column":12},"end":{"line":155,"column":25},"skip":true},"44":{"start":{"line":156,"column":12},"end":{"line":156,"column":48},"skip":true},"45":{"start":{"line":159,"column":8},"end":{"line":168,"column":10},"skip":true},"46":{"start":{"line":166,"column":12},"end":{"line":166,"column":25},"skip":true},"47":{"start":{"line":167,"column":12},"end":{"line":167,"column":46},"skip":true},"48":{"start":{"line":170,"column":8},"end":{"line":179,"column":10},"skip":true},"49":{"start":{"line":177,"column":12},"end":{"line":177,"column":94},"skip":true},"50":{"start":{"line":178,"column":12},"end":{"line":178,"column":48},"skip":true},"51":{"start":{"line":182,"column":8},"end":{"line":182,"column":35},"skip":true},"52":{"start":{"line":183,"column":8},"end":{"line":183,"column":14},"skip":true}},"branchMap":{"1":{"line":25,"type":"binary-expr","locations":[{"start":{"line":25,"column":23},"end":{"line":25,"column":62}},{"start":{"line":26,"column":20},"end":{"line":26,"column":70}},{"start":{"line":27,"column":20},"end":{"line":27,"column":71}},{"start":{"line":28,"column":20},"end":{"line":28,"column":29}}]},"2":{"line":30,"type":"binary-expr","locations":[{"start":{"line":30,"column":23},"end":{"line":30,"column":37}},{"start":{"line":31,"column":20},"end":{"line":31,"column":61}},{"start":{"line":32,"column":20},"end":{"line":32,"column":70}},{"start":{"line":33,"column":20},"end":{"line":33,"column":26}}]},"3":{"line":37,"type":"cond-expr","locations":[{"start":{"line":38,"column":14},"end":{"line":38,"column":20}},{"start":{"line":39,"column":14},"end":{"line":39,"column":20}}]},"4":{"line":40,"type":"switch","locations":[{"start":{"line":42,"column":8},"end":{"line":47,"column":18}},{"start":{"line":49,"column":8},"end":{"line":52,"column":18}}]},"5":{"line":44,"type":"binary-expr","locations":[{"start":{"line":44,"column":16},"end":{"line":44,"column":44}},{"start":{"line":44,"column":48},"end":{"line":44,"column":66}}]},"6":{"line":50,"type":"binary-expr","locations":[{"start":{"line":50,"column":21},"end":{"line":50,"column":49}},{"start":{"line":50,"column":53},"end":{"line":50,"column":72}}]},"7":{"line":64,"type":"switch","locations":[{"start":{"line":69,"column":4},"end":{"line":70,"column":14}},{"start":{"line":75,"column":4},"end":{"line":76,"column":14}}]},"8":{"line":85,"type":"switch","locations":[{"start":{"line":90,"column":4},"end":{"line":95,"column":14}},{"start":{"line":101,"column":4},"end":{"line":183,"column":14},"skip":true}]},"9":{"line":92,"type":"binary-expr","locations":[{"start":{"line":92,"column":18},"end":{"line":92,"column":32}},{"start":{"line":93,"column":12},"end":{"line":93,"column":53}},{"start":{"line":94,"column":12},"end":{"line":94,"column":61}}]},"10":{"line":102,"type":"binary-expr","locations":[{"start":{"line":102,"column":45},"end":{"line":102,"column":79},"skip":true},{"start":{"line":102,"column":83},"end":{"line":111,"column":9},"skip":true}]},"11":{"line":113,"type":"binary-expr","locations":[{"start":{"line":113,"column":42},"end":{"line":113,"column":73},"skip":true},{"start":{"line":113,"column":77},"end":{"line":126,"column":9},"skip":true}]},"12":{"line":128,"type":"binary-expr","locations":[{"start":{"line":128,"column":48},"end":{"line":128,"column":85},"skip":true},{"start":{"line":129,"column":12},"end":{"line":135,"column":13},"skip":true}]},"13":{"line":137,"type":"binary-expr","locations":[{"start":{"line":137,"column":42},"end":{"line":137,"column":73},"skip":true},{"start":{"line":137,"column":77},"end":{"line":146,"column":9},"skip":true}]},"14":{"line":148,"type":"binary-expr","locations":[{"start":{"line":148,"column":45},"end":{"line":148,"column":79},"skip":true},{"start":{"line":148,"column":83},"end":{"line":157,"column":9},"skip":true}]},"15":{"line":159,"type":"binary-expr","locations":[{"start":{"line":159,"column":43},"end":{"line":159,"column":75},"skip":true},{"start":{"line":159,"column":79},"end":{"line":168,"column":9},"skip":true}]},"16":{"line":170,"type":"binary-expr","locations":[{"start":{"line":170,"column":41},"end":{"line":170,"column":71},"skip":true},{"start":{"line":170,"column":75},"end":{"line":179,"column":9},"skip":true}]}},"code":["/* istanbul instrument in package npmtest_morphdom */","/*jslint","    bitwise: true,","    browser: true,","    maxerr: 8,","    maxlen: 96,","    node: true,","    nomen: true,","    regexp: true,","    stupid: true","*/","(function () {","    'use strict';","    var local;","","","","    // run shared js-env code - pre-init","    (function () {","        // init local","        local = {};","        // init modeJs","        local.modeJs = (function () {","            try {","                return typeof navigator.userAgent === 'string' &&","                    typeof document.querySelector('body') === 'object' &&","                    typeof XMLHttpRequest.prototype.open === 'function' &&","                    'browser';","            } catch (errorCaughtBrowser) {","                return module.exports &&","                    typeof process.versions.node === 'string' &&","                    typeof require('http').createServer === 'function' &&","                    'node';","            }","        }());","        // init global","        local.global = local.modeJs === 'browser'","            ? window","            : global;","        switch (local.modeJs) {","        // re-init local from window.local","        case 'browser':","            local = local.global.utility2.objectSetDefault(","                local.global.utility2_rollup || local.global.local,","                local.global.utility2","            );","            break;","        // re-init local from example.js","        case 'node':","            local = (local.global.utility2_rollup || require('utility2'))","                .requireExampleJsFromReadme();","            break;","        }","        // export local","        local.global.local = local;","    }());","","","","    // run shared js-env code - function","    (function () {","        return;","    }());","    switch (local.modeJs) {","","","","    // run browser js-env code - function","    case 'browser':","        break;","","","","    // run node js-env code - function","    case 'node':","        break;","    }","","","","    // run shared js-env code - post-init","    (function () {","        return;","    }());","    switch (local.modeJs) {","","","","    // run browser js-env code - post-init","    case 'browser':","        // run tests","        local.nop(local.modeTest &&","            document.querySelector('#testRunButton1') &&","            document.querySelector('#testRunButton1').click());","        break;","","","","    // run node js-env code - post-init","    /* istanbul ignore next */","    case 'node':","        local.testCase_buildApidoc_default = local.testCase_buildApidoc_default || function (","            options,","            onError","        ) {","        /*","         * this function will test buildApidoc's default handling-behavior-behavior","         */","            options = { modulePathList: module.paths };","            local.buildApidoc(options, onError);","        };","","        local.testCase_buildApp_default = local.testCase_buildApp_default || function (","            options,","            onError","        ) {","        /*","         * this function will test buildApp's default handling-behavior-behavior","         */","            local.testCase_buildReadme_default(options, local.onErrorThrow);","            local.testCase_buildLib_default(options, local.onErrorThrow);","            local.testCase_buildTest_default(options, local.onErrorThrow);","            local.testCase_buildCustomOrg_default(options, local.onErrorThrow);","            options = [];","            local.buildApp(options, onError);","        };","","        local.testCase_buildCustomOrg_default = local.testCase_buildCustomOrg_default ||","            function (options, onError) {","            /*","             * this function will test buildCustomOrg's default handling-behavior","             */","                options = {};","                local.buildCustomOrg(options, onError);","            };","","        local.testCase_buildLib_default = local.testCase_buildLib_default || function (","            options,","            onError","        ) {","        /*","         * this function will test buildLib's default handling-behavior","         */","            options = {};","            local.buildLib(options, onError);","        };","","        local.testCase_buildReadme_default = local.testCase_buildReadme_default || function (","            options,","            onError","        ) {","        /*","         * this function will test buildReadme's default handling-behavior-behavior","         */","            options = {};","            local.buildReadme(options, onError);","        };","","        local.testCase_buildTest_default = local.testCase_buildTest_default || function (","            options,","            onError","        ) {","        /*","         * this function will test buildTest's default handling-behavior","         */","            options = {};","            local.buildTest(options, onError);","        };","","        local.testCase_webpage_default = local.testCase_webpage_default || function (","            options,","            onError","        ) {","        /*","         * this function will test webpage's default handling-behavior","         */","            options = { modeCoverageMerge: true, url: local.serverLocalHost + '?modeTest=1' };","            local.browserTest(options, onError);","        };","","        // run test-server","        local.testRunServer(local);","        break;","    }","}());",""],"l":{"12":2,"14":2,"19":2,"21":2,"23":2,"24":2,"25":2,"30":1,"37":2,"40":2,"43":1,"47":1,"50":1,"52":1,"55":2,"61":2,"62":2,"64":2,"70":1,"76":1,"82":2,"83":2,"85":2,"92":1,"95":1,"102":1,"109":1,"110":1,"113":1,"120":1,"121":1,"122":1,"123":1,"124":1,"125":1,"128":1,"133":2,"134":2,"137":1,"144":2,"145":2,"148":1,"155":2,"156":2,"159":1,"166":2,"167":2,"170":1,"177":1,"178":1,"182":1,"183":1}},"/home/travis/build/npmtest/node-npmtest-morphdom/lib.npmtest_morphdom.js":{"path":"/home/travis/build/npmtest/node-npmtest-morphdom/lib.npmtest_morphdom.js","s":{"1":2,"2":2,"3":2,"4":2,"5":2,"6":2,"7":2,"8":1,"9":2,"10":2,"11":2,"12":2,"13":1,"14":1,"15":1,"16":1},"b":{"1":[2,1,1,1],"2":[1,1,1,1],"3":[1,1],"4":[2,2],"5":[1,1]},"f":{"1":2,"2":2,"3":2},"fnMap":{"1":{"name":"(anonymous_1)","line":12,"loc":{"start":{"line":12,"column":1},"end":{"line":12,"column":13}}},"2":{"name":"(anonymous_2)","line":19,"loc":{"start":{"line":19,"column":5},"end":{"line":19,"column":17}}},"3":{"name":"(anonymous_3)","line":23,"loc":{"start":{"line":23,"column":24},"end":{"line":23,"column":36}}}},"statementMap":{"1":{"start":{"line":12,"column":0},"end":{"line":53,"column":5}},"2":{"start":{"line":14,"column":4},"end":{"line":14,"column":14}},"3":{"start":{"line":19,"column":4},"end":{"line":52,"column":9}},"4":{"start":{"line":21,"column":8},"end":{"line":21,"column":19}},"5":{"start":{"line":23,"column":8},"end":{"line":35,"column":13}},"6":{"start":{"line":24,"column":12},"end":{"line":34,"column":13}},"7":{"start":{"line":25,"column":16},"end":{"line":28,"column":30}},"8":{"start":{"line":30,"column":16},"end":{"line":33,"column":27}},"9":{"start":{"line":37,"column":8},"end":{"line":39,"column":21}},"10":{"start":{"line":41,"column":8},"end":{"line":41,"column":54}},"11":{"start":{"line":43,"column":8},"end":{"line":43,"column":53}},"12":{"start":{"line":45,"column":8},"end":{"line":51,"column":9}},"13":{"start":{"line":46,"column":12},"end":{"line":46,"column":59}},"14":{"start":{"line":48,"column":12},"end":{"line":48,"column":35}},"15":{"start":{"line":49,"column":12},"end":{"line":49,"column":49}},"16":{"start":{"line":50,"column":12},"end":{"line":50,"column":43}}},"branchMap":{"1":{"line":25,"type":"binary-expr","locations":[{"start":{"line":25,"column":23},"end":{"line":25,"column":62}},{"start":{"line":26,"column":20},"end":{"line":26,"column":70}},{"start":{"line":27,"column":20},"end":{"line":27,"column":71}},{"start":{"line":28,"column":20},"end":{"line":28,"column":29}}]},"2":{"line":30,"type":"binary-expr","locations":[{"start":{"line":30,"column":23},"end":{"line":30,"column":37}},{"start":{"line":31,"column":20},"end":{"line":31,"column":61}},{"start":{"line":32,"column":20},"end":{"line":32,"column":70}},{"start":{"line":33,"column":20},"end":{"line":33,"column":26}}]},"3":{"line":37,"type":"cond-expr","locations":[{"start":{"line":38,"column":14},"end":{"line":38,"column":20}},{"start":{"line":39,"column":14},"end":{"line":39,"column":20}}]},"4":{"line":41,"type":"binary-expr","locations":[{"start":{"line":41,"column":16},"end":{"line":41,"column":44}},{"start":{"line":41,"column":48},"end":{"line":41,"column":53}}]},"5":{"line":45,"type":"if","locations":[{"start":{"line":45,"column":8},"end":{"line":45,"column":8}},{"start":{"line":45,"column":8},"end":{"line":45,"column":8}}]}},"code":["/* istanbul instrument in package npmtest_morphdom */","/*jslint","    bitwise: true,","    browser: true,","    maxerr: 8,","    maxlen: 96,","    node: true,","    nomen: true,","    regexp: true,","    stupid: true","*/","(function () {","    'use strict';","    var local;","","","","    // run shared js-env code - pre-init","    (function () {","        // init local","        local = {};","        // init modeJs","        local.modeJs = (function () {","            try {","                return typeof navigator.userAgent === 'string' &&","                    typeof document.querySelector('body') === 'object' &&","                    typeof XMLHttpRequest.prototype.open === 'function' &&","                    'browser';","            } catch (errorCaughtBrowser) {","                return module.exports &&","                    typeof process.versions.node === 'string' &&","                    typeof require('http').createServer === 'function' &&","                    'node';","            }","        }());","        // init global","        local.global = local.modeJs === 'browser'","            ? window","            : global;","        // init utility2_rollup","        local = local.global.utility2_rollup || local;","        // init lib","        local.local = local.npmtest_morphdom = local;","        // init exports","        if (local.modeJs === 'browser') {","            local.global.utility2_npmtest_morphdom = local;","        } else {","            module.exports = local;","            module.exports.__dirname = __dirname;","            module.exports.module = module;","        }","    }());","}());",""],"l":{"12":2,"14":2,"19":2,"21":2,"23":2,"24":2,"25":2,"30":1,"37":2,"41":2,"43":2,"45":2,"46":1,"48":1,"49":1,"50":1}},"/home/travis/build/npmtest/node-npmtest-morphdom/example.js":{"path":"/home/travis/build/npmtest/node-npmtest-morphdom/example.js","s":{"1":2,"2":2,"3":2,"4":2,"5":2,"6":2,"7":2,"8":1,"9":2,"10":2,"11":2,"12":2,"13":1,"14":2,"15":2,"16":2,"17":2,"18":2,"19":0,"20":2,"21":1,"22":1,"23":1,"24":1,"25":1,"26":0,"27":0,"28":1,"29":1,"30":2,"31":0,"32":0,"33":0,"34":1,"35":2,"36":2,"37":2,"38":2,"39":2,"40":2,"41":0,"42":2,"43":2,"44":2,"45":1,"46":3,"47":1,"48":1,"49":1,"50":1,"51":1,"52":1,"53":1,"54":1,"55":1,"56":1,"57":0,"58":1,"59":6,"60":6,"61":1,"62":2,"63":0,"64":2,"65":1,"66":1,"67":0,"68":0,"69":0,"70":0,"71":0,"72":0,"73":0,"74":0,"75":0,"76":0,"77":0,"78":0,"79":0,"80":0,"81":0,"82":0,"83":0},"b":{"1":[2,1,1,1],"2":[1,1,1,1],"3":[1,1],"4":[2,2],"5":[1,1],"6":[1,1],"7":[2,0],"8":[2,1,1,1,1,1],"9":[0,2,0],"10":[1,1],"11":[2,1,1],"12":[1,0],"13":[0,2],"14":[2,0,0,0,0,0,0],"15":[0,2],"16":[2,0],"17":[1,1],"18":[0,1],"19":[1,2,0,2],"20":[1,0],"21":[1,1],"22":[0,0],"23":[0,0],"24":[0,0],"25":[0,0],"26":[0,0],"27":[0,0],"28":[0,0]},"f":{"1":2,"2":2,"3":2,"4":2,"5":2,"6":2,"7":2,"8":2,"9":3,"10":1,"11":6,"12":0},"fnMap":{"1":{"name":"(anonymous_1)","line":26,"loc":{"start":{"line":26,"column":1},"end":{"line":26,"column":13}}},"2":{"name":"(anonymous_2)","line":33,"loc":{"start":{"line":33,"column":5},"end":{"line":33,"column":17}}},"3":{"name":"(anonymous_3)","line":37,"loc":{"start":{"line":37,"column":24},"end":{"line":37,"column":36}}},"4":{"name":"(anonymous_4)","line":69,"loc":{"start":{"line":69,"column":31},"end":{"line":69,"column":48}},"skip":true},"5":{"name":"(anonymous_5)","line":78,"loc":{"start":{"line":78,"column":26},"end":{"line":78,"column":45}},"skip":true},"6":{"name":"(anonymous_6)","line":123,"loc":{"start":{"line":123,"column":33},"end":{"line":123,"column":48}},"skip":true},"7":{"name":"(anonymous_7)","line":125,"loc":{"start":{"line":125,"column":27},"end":{"line":125,"column":39}},"skip":true},"8":{"name":"(anonymous_8)","line":133,"loc":{"start":{"line":133,"column":59},"end":{"line":133,"column":74}},"skip":true},"9":{"name":"(anonymous_9)","line":143,"loc":{"start":{"line":143,"column":45},"end":{"line":143,"column":62}},"skip":true},"10":{"name":"(anonymous_10)","line":144,"loc":{"start":{"line":144,"column":73},"end":{"line":144,"column":92}},"skip":true},"11":{"name":"(anonymous_11)","line":272,"loc":{"start":{"line":272,"column":51},"end":{"line":272,"column":77}},"skip":true},"12":{"name":"(anonymous_12)","line":314,"loc":{"start":{"line":314,"column":32},"end":{"line":314,"column":61}},"skip":true}},"statementMap":{"1":{"start":{"line":26,"column":0},"end":{"line":325,"column":5}},"2":{"start":{"line":28,"column":4},"end":{"line":28,"column":14}},"3":{"start":{"line":33,"column":4},"end":{"line":60,"column":9}},"4":{"start":{"line":35,"column":8},"end":{"line":35,"column":19}},"5":{"start":{"line":37,"column":8},"end":{"line":49,"column":13}},"6":{"start":{"line":38,"column":12},"end":{"line":48,"column":13}},"7":{"start":{"line":39,"column":16},"end":{"line":42,"column":30}},"8":{"start":{"line":44,"column":16},"end":{"line":47,"column":27}},"9":{"start":{"line":51,"column":8},"end":{"line":53,"column":21}},"10":{"start":{"line":55,"column":8},"end":{"line":57,"column":45}},"11":{"start":{"line":59,"column":8},"end":{"line":59,"column":35}},"12":{"start":{"line":61,"column":4},"end":{"line":324,"column":5}},"13":{"start":{"line":69,"column":8},"end":{"line":121,"column":10},"skip":true},"14":{"start":{"line":70,"column":12},"end":{"line":88,"column":13},"skip":true},"15":{"start":{"line":76,"column":16},"end":{"line":87,"column":19},"skip":true},"16":{"start":{"line":79,"column":20},"end":{"line":86,"column":21},"skip":true},"17":{"start":{"line":82,"column":24},"end":{"line":82,"column":43},"skip":true},"18":{"start":{"line":83,"column":24},"end":{"line":83,"column":30},"skip":true},"19":{"start":{"line":85,"column":24},"end":{"line":85,"column":49},"skip":true},"20":{"start":{"line":89,"column":12},"end":{"line":107,"column":13},"skip":true},"21":{"start":{"line":92,"column":16},"end":{"line":102,"column":17},"skip":true},"22":{"start":{"line":93,"column":20},"end":{"line":93,"column":86},"skip":true},"23":{"start":{"line":94,"column":20},"end":{"line":95,"column":45},"skip":true},"24":{"start":{"line":96,"column":20},"end":{"line":96,"column":42},"skip":true},"25":{"start":{"line":97,"column":20},"end":{"line":97,"column":48},"skip":true},"26":{"start":{"line":100,"column":20},"end":{"line":100,"column":85},"skip":true},"27":{"start":{"line":101,"column":20},"end":{"line":101,"column":96},"skip":true},"28":{"start":{"line":103,"column":16},"end":{"line":103,"column":22},"skip":true},"29":{"start":{"line":106,"column":16},"end":{"line":106,"column":22},"skip":true},"30":{"start":{"line":108,"column":12},"end":{"line":120,"column":13},"skip":true},"31":{"start":{"line":114,"column":16},"end":{"line":119,"column":17},"skip":true},"32":{"start":{"line":116,"column":20},"end":{"line":116,"column":78},"skip":true},"33":{"start":{"line":118,"column":20},"end":{"line":118,"column":47},"skip":true},"34":{"start":{"line":123,"column":8},"end":{"line":141,"column":11},"skip":true},"35":{"start":{"line":124,"column":12},"end":{"line":124,"column":54},"skip":true},"36":{"start":{"line":125,"column":12},"end":{"line":140,"column":14},"skip":true},"37":{"start":{"line":126,"column":16},"end":{"line":126,"column":28},"skip":true},"38":{"start":{"line":127,"column":16},"end":{"line":127,"column":69},"skip":true},"39":{"start":{"line":128,"column":16},"end":{"line":128,"column":75},"skip":true},"40":{"start":{"line":129,"column":16},"end":{"line":131,"column":17},"skip":true},"41":{"start":{"line":130,"column":20},"end":{"line":130,"column":27},"skip":true},"42":{"start":{"line":133,"column":16},"end":{"line":137,"column":36},"skip":true},"43":{"start":{"line":134,"column":20},"end":{"line":136,"column":55},"skip":true},"44":{"start":{"line":139,"column":16},"end":{"line":139,"column":57},"skip":true},"45":{"start":{"line":143,"column":8},"end":{"line":147,"column":11},"skip":true},"46":{"start":{"line":144,"column":12},"end":{"line":146,"column":15},"skip":true},"47":{"start":{"line":145,"column":16},"end":{"line":145,"column":70},"skip":true},"48":{"start":{"line":149,"column":8},"end":{"line":149,"column":31},"skip":true},"49":{"start":{"line":150,"column":8},"end":{"line":150,"column":14},"skip":true},"50":{"start":{"line":158,"column":8},"end":{"line":158,"column":31},"skip":true},"51":{"start":{"line":160,"column":8},"end":{"line":160,"column":33},"skip":true},"52":{"start":{"line":161,"column":8},"end":{"line":161,"column":37},"skip":true},"53":{"start":{"line":162,"column":8},"end":{"line":162,"column":35},"skip":true},"54":{"start":{"line":164,"column":8},"end":{"line":164,"column":50},"skip":true},"55":{"start":{"line":166,"column":8},"end":{"line":256,"column":2},"skip":true},"56":{"start":{"line":258,"column":8},"end":{"line":286,"column":9},"skip":true},"57":{"start":{"line":259,"column":12},"end":{"line":269,"column":14},"skip":true},"58":{"start":{"line":271,"column":12},"end":{"line":285,"column":19},"skip":true},"59":{"start":{"line":274,"column":20},"end":{"line":274,"column":35},"skip":true},"60":{"start":{"line":275,"column":20},"end":{"line":284,"column":21},"skip":true},"61":{"start":{"line":277,"column":24},"end":{"line":277,"column":64},"skip":true},"62":{"start":{"line":279,"column":24},"end":{"line":279,"column":40},"skip":true},"63":{"start":{"line":281,"column":24},"end":{"line":281,"column":40},"skip":true},"64":{"start":{"line":283,"column":24},"end":{"line":283,"column":39},"skip":true},"65":{"start":{"line":288,"column":8},"end":{"line":290,"column":9},"skip":true},"66":{"start":{"line":289,"column":12},"end":{"line":289,"column":18},"skip":true},"67":{"start":{"line":291,"column":8},"end":{"line":293,"column":54},"skip":true},"68":{"start":{"line":294,"column":8},"end":{"line":301,"column":37},"skip":true},"69":{"start":{"line":302,"column":8},"end":{"line":302,"column":82},"skip":true},"70":{"start":{"line":305,"column":8},"end":{"line":307,"column":9},"skip":true},"71":{"start":{"line":306,"column":12},"end":{"line":306,"column":82},"skip":true},"72":{"start":{"line":309,"column":8},"end":{"line":311,"column":9},"skip":true},"73":{"start":{"line":310,"column":12},"end":{"line":310,"column":18},"skip":true},"74":{"start":{"line":312,"column":8},"end":{"line":312,"column":54},"skip":true},"75":{"start":{"line":313,"column":8},"end":{"line":313,"column":69},"skip":true},"76":{"start":{"line":314,"column":8},"end":{"line":322,"column":36},"skip":true},"77":{"start":{"line":315,"column":12},"end":{"line":315,"column":61},"skip":true},"78":{"start":{"line":316,"column":12},"end":{"line":319,"column":13},"skip":true},"79":{"start":{"line":317,"column":16},"end":{"line":317,"column":75},"skip":true},"80":{"start":{"line":318,"column":16},"end":{"line":318,"column":23},"skip":true},"81":{"start":{"line":320,"column":12},"end":{"line":320,"column":38},"skip":true},"82":{"start":{"line":321,"column":12},"end":{"line":321,"column":27},"skip":true},"83":{"start":{"line":323,"column":8},"end":{"line":323,"column":14},"skip":true}},"branchMap":{"1":{"line":39,"type":"binary-expr","locations":[{"start":{"line":39,"column":23},"end":{"line":39,"column":62}},{"start":{"line":40,"column":20},"end":{"line":40,"column":70}},{"start":{"line":41,"column":20},"end":{"line":41,"column":71}},{"start":{"line":42,"column":20},"end":{"line":42,"column":29}}]},"2":{"line":44,"type":"binary-expr","locations":[{"start":{"line":44,"column":23},"end":{"line":44,"column":37}},{"start":{"line":45,"column":20},"end":{"line":45,"column":61}},{"start":{"line":46,"column":20},"end":{"line":46,"column":70}},{"start":{"line":47,"column":20},"end":{"line":47,"column":26}}]},"3":{"line":51,"type":"cond-expr","locations":[{"start":{"line":52,"column":14},"end":{"line":52,"column":20}},{"start":{"line":53,"column":14},"end":{"line":53,"column":20}}]},"4":{"line":55,"type":"binary-expr","locations":[{"start":{"line":55,"column":16},"end":{"line":55,"column":44}},{"start":{"line":55,"column":49},"end":{"line":57,"column":43}}]},"5":{"line":55,"type":"cond-expr","locations":[{"start":{"line":56,"column":14},"end":{"line":56,"column":52}},{"start":{"line":57,"column":14},"end":{"line":57,"column":43}}]},"6":{"line":61,"type":"switch","locations":[{"start":{"line":68,"column":4},"end":{"line":150,"column":14},"skip":true},{"start":{"line":156,"column":4},"end":{"line":323,"column":14},"skip":true}]},"7":{"line":70,"type":"if","locations":[{"start":{"line":70,"column":12},"end":{"line":70,"column":12},"skip":true},{"start":{"line":70,"column":12},"end":{"line":70,"column":12},"skip":true}]},"8":{"line":70,"type":"binary-expr","locations":[{"start":{"line":70,"column":16},"end":{"line":70,"column":22},"skip":true},{"start":{"line":70,"column":27},"end":{"line":70,"column":32},"skip":true},{"start":{"line":71,"column":20},"end":{"line":71,"column":39},"skip":true},{"start":{"line":72,"column":20},"end":{"line":72,"column":49},"skip":true},{"start":{"line":73,"column":20},"end":{"line":73,"column":58},"skip":true},{"start":{"line":74,"column":20},"end":{"line":74,"column":69},"skip":true}]},"9":{"line":79,"type":"switch","locations":[{"start":{"line":80,"column":20},"end":{"line":80,"column":33},"skip":true},{"start":{"line":81,"column":20},"end":{"line":83,"column":30},"skip":true},{"start":{"line":84,"column":20},"end":{"line":85,"column":49},"skip":true}]},"10":{"line":89,"type":"switch","locations":[{"start":{"line":90,"column":12},"end":{"line":103,"column":22},"skip":true},{"start":{"line":105,"column":12},"end":{"line":106,"column":22},"skip":true}]},"11":{"line":89,"type":"binary-expr","locations":[{"start":{"line":89,"column":20},"end":{"line":89,"column":25},"skip":true},{"start":{"line":89,"column":29},"end":{"line":89,"column":48},"skip":true},{"start":{"line":89,"column":52},"end":{"line":89,"column":74},"skip":true}]},"12":{"line":92,"type":"if","locations":[{"start":{"line":92,"column":16},"end":{"line":92,"column":16},"skip":true},{"start":{"line":92,"column":16},"end":{"line":92,"column":16},"skip":true}]},"13":{"line":108,"type":"if","locations":[{"start":{"line":108,"column":12},"end":{"line":108,"column":12},"skip":true},{"start":{"line":108,"column":12},"end":{"line":108,"column":12},"skip":true}]},"14":{"line":108,"type":"binary-expr","locations":[{"start":{"line":108,"column":16},"end":{"line":108,"column":61},"skip":true},{"start":{"line":108,"column":66},"end":{"line":108,"column":72},"skip":true},{"start":{"line":108,"column":77},"end":{"line":108,"column":82},"skip":true},{"start":{"line":109,"column":20},"end":{"line":109,"column":39},"skip":true},{"start":{"line":110,"column":20},"end":{"line":110,"column":49},"skip":true},{"start":{"line":111,"column":20},"end":{"line":111,"column":58},"skip":true},{"start":{"line":112,"column":20},"end":{"line":112,"column":68},"skip":true}]},"15":{"line":129,"type":"if","locations":[{"start":{"line":129,"column":16},"end":{"line":129,"column":16},"skip":true},{"start":{"line":129,"column":16},"end":{"line":129,"column":16},"skip":true}]},"16":{"line":134,"type":"cond-expr","locations":[{"start":{"line":135,"column":26},"end":{"line":135,"column":29},"skip":true},{"start":{"line":136,"column":26},"end":{"line":136,"column":54},"skip":true}]},"17":{"line":164,"type":"binary-expr","locations":[{"start":{"line":164,"column":27},"end":{"line":164,"column":43},"skip":true},{"start":{"line":164,"column":47},"end":{"line":164,"column":49},"skip":true}]},"18":{"line":258,"type":"if","locations":[{"start":{"line":258,"column":8},"end":{"line":258,"column":8},"skip":true},{"start":{"line":258,"column":8},"end":{"line":258,"column":8},"skip":true}]},"19":{"line":275,"type":"switch","locations":[{"start":{"line":276,"column":20},"end":{"line":277,"column":64},"skip":true},{"start":{"line":278,"column":20},"end":{"line":279,"column":40},"skip":true},{"start":{"line":280,"column":20},"end":{"line":281,"column":40},"skip":true},{"start":{"line":282,"column":20},"end":{"line":283,"column":39},"skip":true}]},"20":{"line":288,"type":"if","locations":[{"start":{"line":288,"column":8},"end":{"line":288,"column":8},"skip":true},{"start":{"line":288,"column":8},"end":{"line":288,"column":8},"skip":true}]},"21":{"line":288,"type":"binary-expr","locations":[{"start":{"line":288,"column":12},"end":{"line":288,"column":40},"skip":true},{"start":{"line":288,"column":44},"end":{"line":288,"column":67},"skip":true}]},"22":{"line":292,"type":"binary-expr","locations":[{"start":{"line":292,"column":12},"end":{"line":292,"column":50},"skip":true},{"start":{"line":293,"column":12},"end":{"line":293,"column":53},"skip":true}]},"23":{"line":295,"type":"binary-expr","locations":[{"start":{"line":295,"column":12},"end":{"line":295,"column":66},"skip":true},{"start":{"line":296,"column":12},"end":{"line":301,"column":36},"skip":true}]},"24":{"line":302,"type":"binary-expr","locations":[{"start":{"line":302,"column":43},"end":{"line":302,"column":75},"skip":true},{"start":{"line":302,"column":79},"end":{"line":302,"column":81},"skip":true}]},"25":{"line":305,"type":"if","locations":[{"start":{"line":305,"column":8},"end":{"line":305,"column":8},"skip":true},{"start":{"line":305,"column":8},"end":{"line":305,"column":8},"skip":true}]},"26":{"line":309,"type":"if","locations":[{"start":{"line":309,"column":8},"end":{"line":309,"column":8},"skip":true},{"start":{"line":309,"column":8},"end":{"line":309,"column":8},"skip":true}]},"27":{"line":312,"type":"binary-expr","locations":[{"start":{"line":312,"column":27},"end":{"line":312,"column":43},"skip":true},{"start":{"line":312,"column":47},"end":{"line":312,"column":53},"skip":true}]},"28":{"line":316,"type":"if","locations":[{"start":{"line":316,"column":12},"end":{"line":316,"column":12},"skip":true},{"start":{"line":316,"column":12},"end":{"line":316,"column":12},"skip":true}]}},"code":["/*","example.js","","quickstart example","","instruction","    1. save this script as example.js","    2. run the shell command:","        $ npm install npmtest-morphdom && PORT=8081 node example.js","    3. play with the browser-demo on http://127.0.0.1:8081","*/","","","","/* istanbul instrument in package npmtest_morphdom */","/*jslint","    bitwise: true,","    browser: true,","    maxerr: 8,","    maxlen: 96,","    node: true,","    nomen: true,","    regexp: true,","    stupid: true","*/","(function () {","    'use strict';","    var local;","","","","    // run shared js-env code - pre-init","    (function () {","        // init local","        local = {};","        // init modeJs","        local.modeJs = (function () {","            try {","                return typeof navigator.userAgent === 'string' &&","                    typeof document.querySelector('body') === 'object' &&","                    typeof XMLHttpRequest.prototype.open === 'function' &&","                    'browser';","            } catch (errorCaughtBrowser) {","                return module.exports &&","                    typeof process.versions.node === 'string' &&","                    typeof require('http').createServer === 'function' &&","                    'node';","            }","        }());","        // init global","        local.global = local.modeJs === 'browser'","            ? window","            : global;","        // init utility2_rollup","        local = local.global.utility2_rollup || (local.modeJs === 'browser'","            ? local.global.utility2_npmtest_morphdom","            : global.utility2_moduleExports);","        // export local","        local.global.local = local;","    }());","    switch (local.modeJs) {","","","","    // post-init","    // run browser js-env code - post-init","    /* istanbul ignore next */","    case 'browser':","        local.testRunBrowser = function (event) {","            if (!event || (event &&","                    event.currentTarget &&","                    event.currentTarget.className &&","                    event.currentTarget.className.includes &&","                    event.currentTarget.className.includes('onreset'))) {","                // reset output","                Array.from(","                    document.querySelectorAll('body > .resettable')","                ).forEach(function (element) {","                    switch (element.tagName) {","                    case 'INPUT':","                    case 'TEXTAREA':","                        element.value = '';","                        break;","                    default:","                        element.textContent = '';","                    }","                });","            }","            switch (event && event.currentTarget && event.currentTarget.id) {","            case 'testRunButton1':","                // show tests","                if (document.querySelector('#testReportDiv1').style.display === 'none') {","                    document.querySelector('#testReportDiv1').style.display = 'block';","                    document.querySelector('#testRunButton1').textContent =","                        'hide internal test';","                    local.modeTest = true;","                    local.testRunDefault(local);","                // hide tests","                } else {","                    document.querySelector('#testReportDiv1').style.display = 'none';","                    document.querySelector('#testRunButton1').textContent = 'run internal test';","                }","                break;","            // custom-case","            default:","                break;","            }","            if (document.querySelector('#inputTextareaEval1') && (!event || (event &&","                    event.currentTarget &&","                    event.currentTarget.className &&","                    event.currentTarget.className.includes &&","                    event.currentTarget.className.includes('oneval')))) {","                // try to eval input-code","                try {","                    /*jslint evil: true*/","                    eval(document.querySelector('#inputTextareaEval1').value);","                } catch (errorCaught) {","                    console.error(errorCaught);","                }","            }","        };","        // log stderr and stdout to #outputTextareaStdout1","        ['error', 'log'].forEach(function (key) {","            console[key + '_original'] = console[key];","            console[key] = function () {","                var element;","                console[key + '_original'].apply(console, arguments);","                element = document.querySelector('#outputTextareaStdout1');","                if (!element) {","                    return;","                }","                // append text to #outputTextareaStdout1","                element.value += Array.from(arguments).map(function (arg) {","                    return typeof arg === 'string'","                        ? arg","                        : JSON.stringify(arg, null, 4);","                }).join(' ') + '\\n';","                // scroll textarea to bottom","                element.scrollTop = element.scrollHeight;","            };","        });","        // init event-handling","        ['change', 'click', 'keyup'].forEach(function (event) {","            Array.from(document.querySelectorAll('.on' + event)).forEach(function (element) {","                element.addEventListener(event, local.testRunBrowser);","            });","        });","        // run tests","        local.testRunBrowser();","        break;","","","","    // run node js-env code - post-init","    /* istanbul ignore next */","    case 'node':","        // export local","        module.exports = local;","        // require modules","        local.fs = require('fs');","        local.http = require('http');","        local.url = require('url');","        // init assets","        local.assetsDict = local.assetsDict || {};","        /* jslint-ignore-begin */","        local.assetsDict['/assets.index.template.html'] = '\\","<!doctype html>\\n\\","<html lang=\"en\">\\n\\","<head>\\n\\","<meta charset=\"UTF-8\">\\n\\","<meta name=\"viewport\" content=\"width=device-width, initial-scale=1\">\\n\\","<title>{{env.npm_package_name}} (v{{env.npm_package_version}})</title>\\n\\","<style>\\n\\","/*csslint\\n\\","    box-sizing: false,\\n\\","    universal-selector: false\\n\\","*/\\n\\","* {\\n\\","    box-sizing: border-box;\\n\\","}\\n\\","body {\\n\\","    background: #dde;\\n\\","    font-family: Arial, Helvetica, sans-serif;\\n\\","    margin: 2rem;\\n\\","}\\n\\","body > * {\\n\\","    margin-bottom: 1rem;\\n\\","}\\n\\",".utility2FooterDiv {\\n\\","    margin-top: 20px;\\n\\","    text-align: center;\\n\\","}\\n\\","</style>\\n\\","<style>\\n\\","/*csslint\\n\\","*/\\n\\","textarea {\\n\\","    font-family: monospace;\\n\\","    height: 10rem;\\n\\","    width: 100%;\\n\\","}\\n\\","textarea[readonly] {\\n\\","    background: #ddd;\\n\\","}\\n\\","</style>\\n\\","</head>\\n\\","<body>\\n\\","<!-- utility2-comment\\n\\","<div id=\"ajaxProgressDiv1\" style=\"background: #d00; height: 2px; left: 0; margin: 0; padding: 0; position: fixed; top: 0; transition: background 0.5s, width 1.5s; width: 25%;\"></div>\\n\\","utility2-comment -->\\n\\","<h1>\\n\\","<!-- utility2-comment\\n\\","    <a\\n\\","        {{#if env.npm_package_homepage}}\\n\\","        href=\"{{env.npm_package_homepage}}\"\\n\\","        {{/if env.npm_package_homepage}}\\n\\","        target=\"_blank\"\\n\\","    >\\n\\","utility2-comment -->\\n\\","        {{env.npm_package_name}} (v{{env.npm_package_version}})\\n\\","<!-- utility2-comment\\n\\","    </a>\\n\\","utility2-comment -->\\n\\","</h1>\\n\\","<h3>{{env.npm_package_description}}</h3>\\n\\","<!-- utility2-comment\\n\\","<h4><a download href=\"assets.app.js\">download standalone app</a></h4>\\n\\","<button class=\"onclick onreset\" id=\"testRunButton1\">run internal test</button><br>\\n\\","<div id=\"testReportDiv1\" style=\"display: none;\"></div>\\n\\","utility2-comment -->\\n\\","\\n\\","\\n\\","\\n\\","<label>stderr and stdout</label>\\n\\","<textarea class=\"resettable\" id=\"outputTextareaStdout1\" readonly></textarea>\\n\\","<!-- utility2-comment\\n\\","{{#if isRollup}}\\n\\","<script src=\"assets.app.js\"></script>\\n\\","{{#unless isRollup}}\\n\\","utility2-comment -->\\n\\","<script src=\"assets.utility2.rollup.js\"></script>\\n\\","<script src=\"jsonp.utility2._stateInit?callback=window.utility2._stateInit\"></script>\\n\\","<script src=\"assets.npmtest_morphdom.rollup.js\"></script>\\n\\","<script src=\"assets.example.js\"></script>\\n\\","<script src=\"assets.test.js\"></script>\\n\\","<!-- utility2-comment\\n\\","{{/if isRollup}}\\n\\","utility2-comment -->\\n\\","<div class=\"utility2FooterDiv\">\\n\\","    [ this app was created with\\n\\","    <a href=\"https://github.com/kaizhu256/node-utility2\" target=\"_blank\">utility2</a>\\n\\","    ]\\n\\","</div>\\n\\","</body>\\n\\","</html>\\n\\","';","        /* jslint-ignore-end */","        if (local.templateRender) {","            local.assetsDict['/'] = local.templateRender(","                local.assetsDict['/assets.index.template.html'],","                {","                    env: local.objectSetDefault(local.env, {","                        npm_package_description: 'the greatest app in the world!',","                        npm_package_name: 'my-app',","                        npm_package_nameAlias: 'my_app',","                        npm_package_version: '0.0.1'","                    })","                }","            );","        } else {","            local.assetsDict['/'] = local.assetsDict['/assets.index.template.html']","                .replace((/\\{\\{env\\.(\\w+?)\\}\\}/g), function (match0, match1) {","                    // jslint-hack","                    String(match0);","                    switch (match1) {","                    case 'npm_package_description':","                        return 'the greatest app in the world!';","                    case 'npm_package_name':","                        return 'my-app';","                    case 'npm_package_nameAlias':","                        return 'my_app';","                    case 'npm_package_version':","                        return '0.0.1';","                    }","                });","        }","        // run the cli","        if (local.global.utility2_rollup || module !== require.main) {","            break;","        }","        local.assetsDict['/assets.example.js'] =","            local.assetsDict['/assets.example.js'] ||","            local.fs.readFileSync(__filename, 'utf8');","        local.assetsDict['/assets.npmtest_morphdom.rollup.js'] =","            local.assetsDict['/assets.npmtest_morphdom.rollup.js'] ||","            local.fs.readFileSync(","                // buildCustomOrg-hack","                local.npmtest_morphdom.__dirname +","                    '/lib.npmtest_morphdom.js',","                'utf8'","            ).replace((/^#!/), '//');","        local.assetsDict['/favicon.ico'] = local.assetsDict['/favicon.ico'] || '';","        // if $npm_config_timeout_exit exists,","        // then exit this process after $npm_config_timeout_exit ms","        if (Number(process.env.npm_config_timeout_exit)) {","            setTimeout(process.exit, Number(process.env.npm_config_timeout_exit));","        }","        // start server","        if (local.global.utility2_serverHttp1) {","            break;","        }","        process.env.PORT = process.env.PORT || '8081';","        console.error('server starting on port ' + process.env.PORT);","        local.http.createServer(function (request, response) {","            request.urlParsed = local.url.parse(request.url);","            if (local.assetsDict[request.urlParsed.pathname] !== undefined) {","                response.end(local.assetsDict[request.urlParsed.pathname]);","                return;","            }","            response.statusCode = 404;","            response.end();","        }).listen(process.env.PORT);","        break;","    }","}());",""],"l":{"26":2,"28":2,"33":2,"35":2,"37":2,"38":2,"39":2,"44":1,"51":2,"55":2,"59":2,"61":2,"69":1,"70":2,"76":2,"79":2,"82":2,"83":2,"85":1,"89":2,"92":1,"93":1,"94":1,"96":1,"97":1,"100":1,"101":1,"103":1,"106":1,"108":2,"114":1,"116":1,"118":1,"123":1,"124":2,"125":2,"126":2,"127":2,"128":2,"129":2,"130":1,"133":2,"134":2,"139":2,"143":1,"144":3,"145":1,"149":1,"150":1,"158":1,"160":1,"161":1,"162":1,"164":1,"166":1,"258":1,"259":1,"271":1,"274":6,"275":6,"277":1,"279":2,"281":1,"283":2,"288":1,"289":1,"291":1,"294":1,"302":1,"305":1,"306":1,"309":1,"310":1,"312":1,"313":1,"314":1,"315":1,"316":1,"317":1,"318":1,"320":1,"321":1,"323":1}},"/home/travis/build/npmtest/node-npmtest-morphdom/node_modules/morphdom/dist/morphdom.js":{"path":"/home/travis/build/npmtest/node-npmtest-morphdom/node_modules/morphdom/dist/morphdom.js","s":{"1":1,"2":1,"3":1,"4":1,"5":1,"6":1,"7":0,"8":0,"9":1,"10":0,"11":0,"12":1,"13":0,"14":1,"15":1,"16":0,"17":0,"18":0,"19":0,"20":0,"21":0,"22":0,"23":0,"24":0,"25":1,"26":0,"27":0,"28":0,"29":0,"30":0,"31":0,"32":0,"33":1,"34":0,"35":1,"36":0,"37":0,"38":0,"39":0,"40":0,"41":0,"42":1,"43":0,"44":0,"45":0,"46":0,"47":0,"48":0,"49":0,"50":0,"51":0,"52":0,"53":0,"54":0,"55":0,"56":0,"57":0,"58":0,"59":0,"60":0,"61":0,"62":0,"63":0,"64":0,"65":0,"66":0,"67":0,"68":0,"69":0,"70":0,"71":0,"72":0,"73":0,"74":0,"75":1,"76":0,"77":0,"78":0,"79":0,"80":0,"81":1,"82":0,"83":0,"84":0,"85":0,"86":0,"87":0,"88":0,"89":0,"90":0,"91":0,"92":0,"93":0,"94":0,"95":0,"96":0,"97":0,"98":0,"99":0,"100":0,"101":0,"102":0,"103":0,"104":0,"105":0,"106":0,"107":0,"108":0,"109":0,"110":0,"111":1,"112":1,"113":1,"114":1,"115":1,"116":0,"117":1,"118":1,"119":0,"120":0,"121":0,"122":0,"123":0,"124":0,"125":0,"126":0,"127":0,"128":0,"129":0,"130":0,"131":0,"132":0,"133":0,"134":0,"135":0,"136":0,"137":0,"138":1,"139":0,"140":0,"141":0,"142":1,"143":0,"144":0,"145":0,"146":0,"147":0,"148":0,"149":0,"150":0,"151":0,"152":0,"153":1,"154":0,"155":0,"156":0,"157":0,"158":0,"159":0,"160":1,"161":0,"162":0,"163":0,"164":0,"165":0,"166":0,"167":0,"168":0,"169":0,"170":1,"171":0,"172":0,"173":0,"174":0,"175":0,"176":0,"177":0,"178":0,"179":0,"180":0,"181":0,"182":0,"183":1,"184":0,"185":0,"186":0,"187":0,"188":0,"189":0,"190":0,"191":0,"192":0,"193":0,"194":0,"195":0,"196":0,"197":0,"198":0,"199":0,"200":0,"201":0,"202":0,"203":0,"204":0,"205":0,"206":0,"207":0,"208":0,"209":0,"210":0,"211":0,"212":0,"213":0,"214":0,"215":0,"216":0,"217":0,"218":0,"219":0,"220":0,"221":0,"222":0,"223":0,"224":0,"225":0,"226":0,"227":0,"228":0,"229":0,"230":0,"231":0,"232":0,"233":0,"234":0,"235":0,"236":0,"237":0,"238":0,"239":0,"240":0,"241":0,"242":0,"243":0,"244":0,"245":0,"246":0,"247":0,"248":0,"249":0,"250":0,"251":0,"252":0,"253":0,"254":0,"255":0,"256":0,"257":0,"258":0,"259":0,"260":0,"261":0,"262":0,"263":0,"264":0,"265":0,"266":0,"267":0,"268":0,"269":0,"270":0,"271":0,"272":0,"273":0,"274":0,"275":0,"276":0,"277":0,"278":0,"279":0,"280":0,"281":0,"282":0,"283":0,"284":0,"285":0,"286":0,"287":0,"288":0,"289":0,"290":0,"291":0,"292":0,"293":0,"294":0,"295":0,"296":0,"297":1,"298":1},"b":{"1":[1,0],"2":[0,1],"3":[0,0],"4":[0,1],"5":[0,1],"6":[0,0],"7":[0,0],"8":[0,0],"9":[0,0],"10":[0,0],"11":[0,0],"12":[0,0,0],"13":[0,0],"14":[0,0],"15":[0,0],"16":[0,0],"17":[0,0],"18":[0,0],"19":[0,0],"20":[0,0],"21":[0,0],"22":[0,0],"23":[0,0],"24":[0,0],"25":[0,0],"26":[0,0],"27":[0,0],"28":[0,0],"29":[0,0],"30":[0,0],"31":[0,0,0],"32":[0,0],"33":[0,0],"34":[0,0],"35":[0,0],"36":[0,0],"37":[0,0],"38":[0,0],"39":[0,0],"40":[0,0],"41":[0,0],"42":[0,0],"43":[0,0],"44":[0,0],"45":[0,0],"46":[0,0],"47":[0,0],"48":[0,0],"49":[0,0],"50":[0,0],"51":[0,0],"52":[0,0],"53":[0,0],"54":[0,0],"55":[0,0],"56":[0,0],"57":[0,0],"58":[0,0],"59":[0,0],"60":[0,0],"61":[0,0],"62":[0,0],"63":[0,0],"64":[0,0],"65":[0,0],"66":[0,0],"67":[0,0],"68":[0,0],"69":[0,0],"70":[0,0],"71":[0,0],"72":[0,0],"73":[0,0],"74":[0,0],"75":[0,0],"76":[0,0],"77":[0,0],"78":[0,0],"79":[0,0],"80":[0,0],"81":[0,0],"82":[0,0],"83":[0,0],"84":[0,0,0],"85":[0,0],"86":[0,0],"87":[0,0],"88":[0,0],"89":[0,0],"90":[0,0],"91":[0,0],"92":[0,0],"93":[0,0],"94":[0,0],"95":[0,0],"96":[0,0],"97":[0,0],"98":[0,0],"99":[0,0],"100":[0,0],"101":[0,0],"102":[0,0,0],"103":[0,0],"104":[0,0]},"f":{"1":0,"2":0,"3":0,"4":0,"5":0,"6":0,"7":0,"8":0,"9":0,"10":0,"11":0,"12":0,"13":0,"14":0,"15":0,"16":1,"17":0,"18":0,"19":0,"20":0,"21":0,"22":0,"23":0},"fnMap":{"1":{"name":"(anonymous_1)","line":17,"loc":{"start":{"line":17,"column":27},"end":{"line":17,"column":60}}},"2":{"name":"(anonymous_2)","line":21,"loc":{"start":{"line":21,"column":27},"end":{"line":21,"column":60}}},"3":{"name":"(anonymous_3)","line":25,"loc":{"start":{"line":25,"column":27},"end":{"line":25,"column":60}}},"4":{"name":"toElement","line":33,"loc":{"start":{"line":33,"column":0},"end":{"line":33,"column":24}}},"5":{"name":"compareNodeNames","line":59,"loc":{"start":{"line":59,"column":0},"end":{"line":59,"column":40}}},"6":{"name":"createElementNS","line":88,"loc":{"start":{"line":88,"column":0},"end":{"line":88,"column":45}}},"7":{"name":"moveChildren","line":97,"loc":{"start":{"line":97,"column":0},"end":{"line":97,"column":36}}},"8":{"name":"morphAttrs","line":107,"loc":{"start":{"line":107,"column":0},"end":{"line":107,"column":38}}},"9":{"name":"syncBooleanAttrProp","line":163,"loc":{"start":{"line":163,"column":0},"end":{"line":163,"column":49}}},"10":{"name":"(anonymous_10)","line":179,"loc":{"start":{"line":179,"column":12},"end":{"line":179,"column":35}}},"11":{"name":"(anonymous_11)","line":188,"loc":{"start":{"line":188,"column":11},"end":{"line":188,"column":34}}},"12":{"name":"(anonymous_12)","line":201,"loc":{"start":{"line":201,"column":14},"end":{"line":201,"column":37}}},"13":{"name":"(anonymous_13)","line":220,"loc":{"start":{"line":220,"column":12},"end":{"line":220,"column":35}}},"14":{"name":"noop","line":246,"loc":{"start":{"line":246,"column":0},"end":{"line":246,"column":16}}},"15":{"name":"defaultGetNodeKey","line":248,"loc":{"start":{"line":248,"column":0},"end":{"line":248,"column":33}}},"16":{"name":"morphdomFactory","line":252,"loc":{"start":{"line":252,"column":0},"end":{"line":252,"column":37}}},"17":{"name":"morphdom","line":254,"loc":{"start":{"line":254,"column":11},"end":{"line":254,"column":56}}},"18":{"name":"addKeyedRemoval","line":283,"loc":{"start":{"line":283,"column":8},"end":{"line":283,"column":38}}},"19":{"name":"walkDiscardedChildNodes","line":291,"loc":{"start":{"line":291,"column":8},"end":{"line":291,"column":63}}},"20":{"name":"removeNode","line":325,"loc":{"start":{"line":325,"column":8},"end":{"line":325,"column":62}}},"21":{"name":"indexTree","line":366,"loc":{"start":{"line":366,"column":8},"end":{"line":366,"column":33}}},"22":{"name":"handleNodeAdded","line":385,"loc":{"start":{"line":385,"column":8},"end":{"line":385,"column":37}}},"23":{"name":"morphEl","line":406,"loc":{"start":{"line":406,"column":8},"end":{"line":406,"column":53}}}},"statementMap":{"1":{"start":{"line":3,"column":0},"end":{"line":3,"column":10}},"2":{"start":{"line":4,"column":0},"end":{"line":4,"column":46}},"3":{"start":{"line":6,"column":0},"end":{"line":6,"column":65}},"4":{"start":{"line":8,"column":0},"end":{"line":10,"column":7}},"5":{"start":{"line":14,"column":0},"end":{"line":14,"column":25}},"6":{"start":{"line":16,"column":0},"end":{"line":28,"column":1}},"7":{"start":{"line":17,"column":4},"end":{"line":19,"column":6}},"8":{"start":{"line":18,"column":8},"end":{"line":18,"column":53}},"9":{"start":{"line":20,"column":7},"end":{"line":28,"column":1}},"10":{"start":{"line":21,"column":4},"end":{"line":23,"column":6}},"11":{"start":{"line":22,"column":8},"end":{"line":22,"column":37}},"12":{"start":{"line":25,"column":4},"end":{"line":27,"column":6}},"13":{"start":{"line":26,"column":8},"end":{"line":26,"column":63}},"14":{"start":{"line":30,"column":0},"end":{"line":30,"column":42}},"15":{"start":{"line":33,"column":0},"end":{"line":47,"column":1}},"16":{"start":{"line":34,"column":4},"end":{"line":37,"column":5}},"17":{"start":{"line":35,"column":8},"end":{"line":35,"column":34}},"18":{"start":{"line":36,"column":8},"end":{"line":36,"column":35}},"19":{"start":{"line":39,"column":4},"end":{"line":39,"column":17}},"20":{"start":{"line":40,"column":4},"end":{"line":45,"column":5}},"21":{"start":{"line":41,"column":8},"end":{"line":41,"column":55}},"22":{"start":{"line":43,"column":8},"end":{"line":43,"column":45}},"23":{"start":{"line":44,"column":8},"end":{"line":44,"column":33}},"24":{"start":{"line":46,"column":4},"end":{"line":46,"column":34}},"25":{"start":{"line":59,"column":0},"end":{"line":77,"column":1}},"26":{"start":{"line":60,"column":4},"end":{"line":60,"column":39}},"27":{"start":{"line":61,"column":4},"end":{"line":61,"column":35}},"28":{"start":{"line":63,"column":4},"end":{"line":65,"column":5}},"29":{"start":{"line":64,"column":8},"end":{"line":64,"column":20}},"30":{"start":{"line":67,"column":4},"end":{"line":76,"column":5}},"31":{"start":{"line":73,"column":8},"end":{"line":73,"column":57}},"32":{"start":{"line":75,"column":8},"end":{"line":75,"column":21}},"33":{"start":{"line":88,"column":0},"end":{"line":92,"column":1}},"34":{"start":{"line":89,"column":4},"end":{"line":91,"column":48}},"35":{"start":{"line":97,"column":0},"end":{"line":105,"column":1}},"36":{"start":{"line":98,"column":4},"end":{"line":98,"column":37}},"37":{"start":{"line":99,"column":4},"end":{"line":103,"column":5}},"38":{"start":{"line":100,"column":8},"end":{"line":100,"column":45}},"39":{"start":{"line":101,"column":8},"end":{"line":101,"column":35}},"40":{"start":{"line":102,"column":8},"end":{"line":102,"column":29}},"41":{"start":{"line":104,"column":4},"end":{"line":104,"column":16}},"42":{"start":{"line":107,"column":0},"end":{"line":161,"column":1}},"43":{"start":{"line":108,"column":4},"end":{"line":108,"column":34}},"44":{"start":{"line":109,"column":4},"end":{"line":109,"column":10}},"45":{"start":{"line":110,"column":4},"end":{"line":110,"column":13}},"46":{"start":{"line":111,"column":4},"end":{"line":111,"column":17}},"47":{"start":{"line":112,"column":4},"end":{"line":112,"column":25}},"48":{"start":{"line":113,"column":4},"end":{"line":113,"column":18}},"49":{"start":{"line":114,"column":4},"end":{"line":114,"column":18}},"50":{"start":{"line":116,"column":4},"end":{"line":136,"column":5}},"51":{"start":{"line":117,"column":8},"end":{"line":117,"column":24}},"52":{"start":{"line":118,"column":8},"end":{"line":118,"column":29}},"53":{"start":{"line":119,"column":8},"end":{"line":119,"column":45}},"54":{"start":{"line":120,"column":8},"end":{"line":120,"column":31}},"55":{"start":{"line":122,"column":8},"end":{"line":135,"column":9}},"56":{"start":{"line":123,"column":12},"end":{"line":123,"column":50}},"57":{"start":{"line":124,"column":12},"end":{"line":124,"column":76}},"58":{"start":{"line":126,"column":12},"end":{"line":128,"column":13}},"59":{"start":{"line":127,"column":16},"end":{"line":127,"column":79}},"60":{"start":{"line":130,"column":12},"end":{"line":130,"column":56}},"61":{"start":{"line":132,"column":12},"end":{"line":134,"column":13}},"62":{"start":{"line":133,"column":16},"end":{"line":133,"column":59}},"63":{"start":{"line":140,"column":4},"end":{"line":140,"column":32}},"64":{"start":{"line":142,"column":4},"end":{"line":160,"column":5}},"65":{"start":{"line":143,"column":8},"end":{"line":143,"column":24}},"66":{"start":{"line":144,"column":8},"end":{"line":159,"column":9}},"67":{"start":{"line":145,"column":12},"end":{"line":145,"column":33}},"68":{"start":{"line":146,"column":12},"end":{"line":146,"column":49}},"69":{"start":{"line":148,"column":12},"end":{"line":158,"column":13}},"70":{"start":{"line":149,"column":16},"end":{"line":149,"column":54}},"71":{"start":{"line":151,"column":16},"end":{"line":153,"column":17}},"72":{"start":{"line":152,"column":20},"end":{"line":152,"column":75}},"73":{"start":{"line":155,"column":16},"end":{"line":157,"column":17}},"74":{"start":{"line":156,"column":20},"end":{"line":156,"column":55}},"75":{"start":{"line":163,"column":0},"end":{"line":172,"column":1}},"76":{"start":{"line":164,"column":4},"end":{"line":171,"column":5}},"77":{"start":{"line":165,"column":8},"end":{"line":165,"column":34}},"78":{"start":{"line":166,"column":8},"end":{"line":170,"column":9}},"79":{"start":{"line":167,"column":12},"end":{"line":167,"column":42}},"80":{"start":{"line":169,"column":12},"end":{"line":169,"column":45}},"81":{"start":{"line":174,"column":0},"end":{"line":240,"column":2}},"82":{"start":{"line":180,"column":8},"end":{"line":180,"column":54}},"83":{"start":{"line":189,"column":8},"end":{"line":189,"column":53}},"84":{"start":{"line":190,"column":8},"end":{"line":190,"column":54}},"85":{"start":{"line":192,"column":8},"end":{"line":194,"column":9}},"86":{"start":{"line":193,"column":12},"end":{"line":193,"column":38}},"87":{"start":{"line":196,"column":8},"end":{"line":198,"column":9}},"88":{"start":{"line":197,"column":12},"end":{"line":197,"column":44}},"89":{"start":{"line":202,"column":8},"end":{"line":202,"column":34}},"90":{"start":{"line":203,"column":8},"end":{"line":205,"column":9}},"91":{"start":{"line":204,"column":12},"end":{"line":204,"column":36}},"92":{"start":{"line":207,"column":8},"end":{"line":207,"column":43}},"93":{"start":{"line":208,"column":8},"end":{"line":218,"column":9}},"94":{"start":{"line":211,"column":12},"end":{"line":211,"column":48}},"95":{"start":{"line":213,"column":12},"end":{"line":215,"column":13}},"96":{"start":{"line":214,"column":16},"end":{"line":214,"column":23}},"97":{"start":{"line":217,"column":12},"end":{"line":217,"column":44}},"98":{"start":{"line":221,"column":8},"end":{"line":238,"column":9}},"99":{"start":{"line":222,"column":12},"end":{"line":222,"column":35}},"100":{"start":{"line":223,"column":12},"end":{"line":223,"column":22}},"101":{"start":{"line":224,"column":12},"end":{"line":224,"column":43}},"102":{"start":{"line":225,"column":12},"end":{"line":235,"column":13}},"103":{"start":{"line":226,"column":16},"end":{"line":226,"column":49}},"104":{"start":{"line":227,"column":16},"end":{"line":233,"column":17}},"105":{"start":{"line":228,"column":20},"end":{"line":231,"column":21}},"106":{"start":{"line":229,"column":24},"end":{"line":229,"column":42}},"107":{"start":{"line":230,"column":24},"end":{"line":230,"column":30}},"108":{"start":{"line":232,"column":20},"end":{"line":232,"column":24}},"109":{"start":{"line":234,"column":16},"end":{"line":234,"column":48}},"110":{"start":{"line":237,"column":12},"end":{"line":237,"column":37}},"111":{"start":{"line":242,"column":0},"end":{"line":242,"column":21}},"112":{"start":{"line":243,"column":0},"end":{"line":243,"column":18}},"113":{"start":{"line":244,"column":0},"end":{"line":244,"column":21}},"114":{"start":{"line":246,"column":0},"end":{"line":246,"column":18}},"115":{"start":{"line":248,"column":0},"end":{"line":250,"column":1}},"116":{"start":{"line":249,"column":4},"end":{"line":249,"column":19}},"117":{"start":{"line":252,"column":0},"end":{"line":672,"column":1}},"118":{"start":{"line":254,"column":4},"end":{"line":671,"column":6}},"119":{"start":{"line":255,"column":8},"end":{"line":257,"column":9}},"120":{"start":{"line":256,"column":12},"end":{"line":256,"column":25}},"121":{"start":{"line":259,"column":8},"end":{"line":267,"column":9}},"122":{"start":{"line":260,"column":12},"end":{"line":266,"column":13}},"123":{"start":{"line":261,"column":16},"end":{"line":261,"column":40}},"124":{"start":{"line":262,"column":16},"end":{"line":262,"column":51}},"125":{"start":{"line":263,"column":16},"end":{"line":263,"column":46}},"126":{"start":{"line":265,"column":16},"end":{"line":265,"column":43}},"127":{"start":{"line":269,"column":8},"end":{"line":269,"column":65}},"128":{"start":{"line":270,"column":8},"end":{"line":270,"column":66}},"129":{"start":{"line":271,"column":8},"end":{"line":271,"column":54}},"130":{"start":{"line":272,"column":8},"end":{"line":272,"column":66}},"131":{"start":{"line":273,"column":8},"end":{"line":273,"column":54}},"132":{"start":{"line":274,"column":8},"end":{"line":274,"column":74}},"133":{"start":{"line":275,"column":8},"end":{"line":275,"column":62}},"134":{"start":{"line":276,"column":8},"end":{"line":276,"column":82}},"135":{"start":{"line":277,"column":8},"end":{"line":277,"column":57}},"136":{"start":{"line":280,"column":8},"end":{"line":280,"column":33}},"137":{"start":{"line":281,"column":8},"end":{"line":281,"column":29}},"138":{"start":{"line":283,"column":8},"end":{"line":289,"column":9}},"139":{"start":{"line":284,"column":12},"end":{"line":288,"column":13}},"140":{"start":{"line":285,"column":16},"end":{"line":285,"column":43}},"141":{"start":{"line":287,"column":16},"end":{"line":287,"column":41}},"142":{"start":{"line":291,"column":8},"end":{"line":315,"column":9}},"143":{"start":{"line":292,"column":12},"end":{"line":314,"column":13}},"144":{"start":{"line":293,"column":16},"end":{"line":293,"column":47}},"145":{"start":{"line":294,"column":16},"end":{"line":313,"column":17}},"146":{"start":{"line":296,"column":20},"end":{"line":296,"column":40}},"147":{"start":{"line":298,"column":20},"end":{"line":310,"column":21}},"148":{"start":{"line":301,"column":24},"end":{"line":301,"column":45}},"149":{"start":{"line":306,"column":24},"end":{"line":306,"column":50}},"150":{"start":{"line":307,"column":24},"end":{"line":309,"column":25}},"151":{"start":{"line":308,"column":28},"end":{"line":308,"column":78}},"152":{"start":{"line":312,"column":20},"end":{"line":312,"column":52}},"153":{"start":{"line":325,"column":8},"end":{"line":336,"column":9}},"154":{"start":{"line":326,"column":12},"end":{"line":328,"column":13}},"155":{"start":{"line":327,"column":16},"end":{"line":327,"column":23}},"156":{"start":{"line":330,"column":12},"end":{"line":332,"column":13}},"157":{"start":{"line":331,"column":16},"end":{"line":331,"column":45}},"158":{"start":{"line":334,"column":12},"end":{"line":334,"column":34}},"159":{"start":{"line":335,"column":12},"end":{"line":335,"column":58}},"160":{"start":{"line":366,"column":8},"end":{"line":381,"column":9}},"161":{"start":{"line":367,"column":12},"end":{"line":380,"column":13}},"162":{"start":{"line":368,"column":16},"end":{"line":368,"column":47}},"163":{"start":{"line":369,"column":16},"end":{"line":379,"column":17}},"164":{"start":{"line":370,"column":20},"end":{"line":370,"column":51}},"165":{"start":{"line":371,"column":20},"end":{"line":373,"column":21}},"166":{"start":{"line":372,"column":24},"end":{"line":372,"column":56}},"167":{"start":{"line":376,"column":20},"end":{"line":376,"column":40}},"168":{"start":{"line":378,"column":20},"end":{"line":378,"column":52}},"169":{"start":{"line":383,"column":8},"end":{"line":383,"column":28}},"170":{"start":{"line":385,"column":8},"end":{"line":404,"column":9}},"171":{"start":{"line":386,"column":12},"end":{"line":386,"column":28}},"172":{"start":{"line":388,"column":12},"end":{"line":388,"column":41}},"173":{"start":{"line":389,"column":12},"end":{"line":403,"column":13}},"174":{"start":{"line":390,"column":16},"end":{"line":390,"column":55}},"175":{"start":{"line":392,"column":16},"end":{"line":392,"column":47}},"176":{"start":{"line":393,"column":16},"end":{"line":399,"column":17}},"177":{"start":{"line":394,"column":20},"end":{"line":394,"column":63}},"178":{"start":{"line":395,"column":20},"end":{"line":398,"column":21}},"179":{"start":{"line":396,"column":24},"end":{"line":396,"column":84}},"180":{"start":{"line":397,"column":24},"end":{"line":397,"column":59}},"181":{"start":{"line":401,"column":16},"end":{"line":401,"column":42}},"182":{"start":{"line":402,"column":16},"end":{"line":402,"column":39}},"183":{"start":{"line":406,"column":8},"end":{"line":606,"column":9}},"184":{"start":{"line":407,"column":12},"end":{"line":407,"column":43}},"185":{"start":{"line":408,"column":12},"end":{"line":408,"column":31}},"186":{"start":{"line":410,"column":12},"end":{"line":414,"column":13}},"187":{"start":{"line":413,"column":16},"end":{"line":413,"column":48}},"188":{"start":{"line":416,"column":12},"end":{"line":418,"column":13}},"189":{"start":{"line":417,"column":16},"end":{"line":417,"column":23}},"190":{"start":{"line":420,"column":12},"end":{"line":431,"column":13}},"191":{"start":{"line":421,"column":16},"end":{"line":423,"column":17}},"192":{"start":{"line":422,"column":20},"end":{"line":422,"column":27}},"193":{"start":{"line":425,"column":16},"end":{"line":425,"column":41}},"194":{"start":{"line":426,"column":16},"end":{"line":426,"column":36}},"195":{"start":{"line":428,"column":16},"end":{"line":430,"column":17}},"196":{"start":{"line":429,"column":20},"end":{"line":429,"column":27}},"197":{"start":{"line":433,"column":12},"end":{"line":600,"column":13}},"198":{"start":{"line":434,"column":16},"end":{"line":434,"column":53}},"199":{"start":{"line":435,"column":16},"end":{"line":435,"column":57}},"200":{"start":{"line":436,"column":16},"end":{"line":436,"column":33}},"201":{"start":{"line":438,"column":16},"end":{"line":438,"column":36}},"202":{"start":{"line":439,"column":16},"end":{"line":439,"column":34}},"203":{"start":{"line":440,"column":16},"end":{"line":440,"column":35}},"204":{"start":{"line":442,"column":16},"end":{"line":582,"column":17}},"205":{"start":{"line":442,"column":23},"end":{"line":582,"column":17}},"206":{"start":{"line":443,"column":20},"end":{"line":443,"column":63}},"207":{"start":{"line":444,"column":20},"end":{"line":444,"column":62}},"208":{"start":{"line":446,"column":20},"end":{"line":556,"column":21}},"209":{"start":{"line":447,"column":24},"end":{"line":447,"column":71}},"210":{"start":{"line":449,"column":24},"end":{"line":453,"column":25}},"211":{"start":{"line":450,"column":28},"end":{"line":450,"column":59}},"212":{"start":{"line":451,"column":28},"end":{"line":451,"column":63}},"213":{"start":{"line":452,"column":28},"end":{"line":452,"column":43}},"214":{"start":{"line":455,"column":24},"end":{"line":455,"column":70}},"215":{"start":{"line":457,"column":24},"end":{"line":457,"column":72}},"216":{"start":{"line":459,"column":24},"end":{"line":459,"column":53}},"217":{"start":{"line":461,"column":24},"end":{"line":530,"column":25}},"218":{"start":{"line":462,"column":28},"end":{"line":529,"column":29}},"219":{"start":{"line":465,"column":32},"end":{"line":513,"column":33}},"220":{"start":{"line":468,"column":36},"end":{"line":509,"column":37}},"221":{"start":{"line":472,"column":40},"end":{"line":508,"column":41}},"222":{"start":{"line":473,"column":44},"end":{"line":503,"column":45}},"223":{"start":{"line":479,"column":48},"end":{"line":479,"column":69}},"224":{"start":{"line":488,"column":48},"end":{"line":488,"column":102}},"225":{"start":{"line":490,"column":48},"end":{"line":490,"column":95}},"226":{"start":{"line":492,"column":48},"end":{"line":500,"column":49}},"227":{"start":{"line":495,"column":52},"end":{"line":495,"column":84}},"228":{"start":{"line":499,"column":52},"end":{"line":499,"column":118}},"229":{"start":{"line":502,"column":48},"end":{"line":502,"column":82}},"230":{"start":{"line":507,"column":44},"end":{"line":507,"column":65}},"231":{"start":{"line":510,"column":39},"end":{"line":513,"column":33}},"232":{"start":{"line":512,"column":36},"end":{"line":512,"column":57}},"233":{"start":{"line":515,"column":32},"end":{"line":515,"column":124}},"234":{"start":{"line":516,"column":32},"end":{"line":521,"column":33}},"235":{"start":{"line":520,"column":36},"end":{"line":520,"column":78}},"236":{"start":{"line":523,"column":35},"end":{"line":529,"column":29}},"237":{"start":{"line":525,"column":32},"end":{"line":525,"column":52}},"238":{"start":{"line":528,"column":32},"end":{"line":528,"column":86}},"239":{"start":{"line":532,"column":24},"end":{"line":537,"column":25}},"240":{"start":{"line":534,"column":28},"end":{"line":534,"column":59}},"241":{"start":{"line":535,"column":28},"end":{"line":535,"column":63}},"242":{"start":{"line":536,"column":28},"end":{"line":536,"column":43}},"243":{"start":{"line":545,"column":24},"end":{"line":553,"column":25}},"244":{"start":{"line":548,"column":28},"end":{"line":548,"column":60}},"245":{"start":{"line":552,"column":28},"end":{"line":552,"column":94}},"246":{"start":{"line":555,"column":24},"end":{"line":555,"column":59}},"247":{"start":{"line":562,"column":20},"end":{"line":578,"column":21}},"248":{"start":{"line":563,"column":24},"end":{"line":563,"column":59}},"249":{"start":{"line":564,"column":24},"end":{"line":564,"column":64}},"250":{"start":{"line":566,"column":24},"end":{"line":566,"column":88}},"251":{"start":{"line":567,"column":24},"end":{"line":577,"column":25}},"252":{"start":{"line":568,"column":28},"end":{"line":570,"column":29}},"253":{"start":{"line":569,"column":32},"end":{"line":569,"column":73}},"254":{"start":{"line":572,"column":28},"end":{"line":574,"column":29}},"255":{"start":{"line":573,"column":32},"end":{"line":573,"column":103}},"256":{"start":{"line":575,"column":28},"end":{"line":575,"column":63}},"257":{"start":{"line":576,"column":28},"end":{"line":576,"column":60}},"258":{"start":{"line":580,"column":20},"end":{"line":580,"column":51}},"259":{"start":{"line":581,"column":20},"end":{"line":581,"column":55}},"260":{"start":{"line":587,"column":16},"end":{"line":599,"column":17}},"261":{"start":{"line":588,"column":20},"end":{"line":588,"column":67}},"262":{"start":{"line":589,"column":20},"end":{"line":597,"column":21}},"263":{"start":{"line":592,"column":24},"end":{"line":592,"column":56}},"264":{"start":{"line":596,"column":24},"end":{"line":596,"column":90}},"265":{"start":{"line":598,"column":20},"end":{"line":598,"column":55}},"266":{"start":{"line":602,"column":12},"end":{"line":602,"column":70}},"267":{"start":{"line":603,"column":12},"end":{"line":605,"column":13}},"268":{"start":{"line":604,"column":16},"end":{"line":604,"column":47}},"269":{"start":{"line":608,"column":8},"end":{"line":608,"column":35}},"270":{"start":{"line":609,"column":8},"end":{"line":609,"column":51}},"271":{"start":{"line":610,"column":8},"end":{"line":610,"column":41}},"272":{"start":{"line":612,"column":8},"end":{"line":634,"column":9}},"273":{"start":{"line":615,"column":12},"end":{"line":633,"column":13}},"274":{"start":{"line":616,"column":16},"end":{"line":624,"column":17}},"275":{"start":{"line":617,"column":20},"end":{"line":620,"column":21}},"276":{"start":{"line":618,"column":24},"end":{"line":618,"column":50}},"277":{"start":{"line":619,"column":24},"end":{"line":619,"column":116}},"278":{"start":{"line":623,"column":20},"end":{"line":623,"column":41}},"279":{"start":{"line":625,"column":19},"end":{"line":633,"column":13}},"280":{"start":{"line":626,"column":16},"end":{"line":632,"column":17}},"281":{"start":{"line":627,"column":20},"end":{"line":627,"column":61}},"282":{"start":{"line":628,"column":20},"end":{"line":628,"column":39}},"283":{"start":{"line":631,"column":20},"end":{"line":631,"column":41}},"284":{"start":{"line":636,"column":8},"end":{"line":656,"column":9}},"285":{"start":{"line":639,"column":12},"end":{"line":639,"column":38}},"286":{"start":{"line":641,"column":12},"end":{"line":641,"column":55}},"287":{"start":{"line":648,"column":12},"end":{"line":655,"column":13}},"288":{"start":{"line":649,"column":16},"end":{"line":654,"column":17}},"289":{"start":{"line":650,"column":20},"end":{"line":650,"column":74}},"290":{"start":{"line":651,"column":20},"end":{"line":653,"column":21}},"291":{"start":{"line":652,"column":24},"end":{"line":652,"column":77}},"292":{"start":{"line":658,"column":8},"end":{"line":668,"column":9}},"293":{"start":{"line":659,"column":12},"end":{"line":661,"column":13}},"294":{"start":{"line":660,"column":16},"end":{"line":660,"column":83}},"295":{"start":{"line":667,"column":12},"end":{"line":667,"column":68}},"296":{"start":{"line":670,"column":8},"end":{"line":670,"column":27}},"297":{"start":{"line":674,"column":0},"end":{"line":674,"column":43}},"298":{"start":{"line":676,"column":0},"end":{"line":676,"column":26}}},"branchMap":{"1":{"line":6,"type":"cond-expr","locations":[{"start":{"line":6,"column":44},"end":{"line":6,"column":53}},{"start":{"line":6,"column":56},"end":{"line":6,"column":64}}]},"2":{"line":8,"type":"cond-expr","locations":[{"start":{"line":9,"column":4},"end":{"line":9,"column":40}},{"start":{"line":10,"column":4},"end":{"line":10,"column":6}}]},"3":{"line":9,"type":"binary-expr","locations":[{"start":{"line":9,"column":4},"end":{"line":9,"column":12}},{"start":{"line":9,"column":16},"end":{"line":9,"column":40}}]},"4":{"line":16,"type":"if","locations":[{"start":{"line":16,"column":0},"end":{"line":16,"column":0}},{"start":{"line":16,"column":0},"end":{"line":16,"column":0}}]},"5":{"line":20,"type":"if","locations":[{"start":{"line":20,"column":7},"end":{"line":20,"column":7}},{"start":{"line":20,"column":7},"end":{"line":20,"column":7}}]},"6":{"line":34,"type":"if","locations":[{"start":{"line":34,"column":4},"end":{"line":34,"column":4}},{"start":{"line":34,"column":4},"end":{"line":34,"column":4}}]},"7":{"line":34,"type":"binary-expr","locations":[{"start":{"line":34,"column":8},"end":{"line":34,"column":14}},{"start":{"line":34,"column":18},"end":{"line":34,"column":33}}]},"8":{"line":40,"type":"if","locations":[{"start":{"line":40,"column":4},"end":{"line":40,"column":4}},{"start":{"line":40,"column":4},"end":{"line":40,"column":4}}]},"9":{"line":40,"type":"binary-expr","locations":[{"start":{"line":40,"column":8},"end":{"line":40,"column":13}},{"start":{"line":40,"column":17},"end":{"line":40,"column":47}}]},"10":{"line":63,"type":"if","locations":[{"start":{"line":63,"column":4},"end":{"line":63,"column":4}},{"start":{"line":63,"column":4},"end":{"line":63,"column":4}}]},"11":{"line":67,"type":"if","locations":[{"start":{"line":67,"column":4},"end":{"line":67,"column":4}},{"start":{"line":67,"column":4},"end":{"line":67,"column":4}}]},"12":{"line":67,"type":"binary-expr","locations":[{"start":{"line":67,"column":8},"end":{"line":67,"column":22}},{"start":{"line":68,"column":8},"end":{"line":68,"column":39}},{"start":{"line":69,"column":8},"end":{"line":69,"column":37}}]},"13":{"line":89,"type":"cond-expr","locations":[{"start":{"line":90,"column":8},"end":{"line":90,"column":31}},{"start":{"line":91,"column":8},"end":{"line":91,"column":47}}]},"14":{"line":89,"type":"binary-expr","locations":[{"start":{"line":89,"column":11},"end":{"line":89,"column":24}},{"start":{"line":89,"column":28},"end":{"line":89,"column":53}}]},"15":{"line":122,"type":"if","locations":[{"start":{"line":122,"column":8},"end":{"line":122,"column":8}},{"start":{"line":122,"column":8},"end":{"line":122,"column":8}}]},"16":{"line":123,"type":"binary-expr","locations":[{"start":{"line":123,"column":23},"end":{"line":123,"column":37}},{"start":{"line":123,"column":41},"end":{"line":123,"column":49}}]},"17":{"line":126,"type":"if","locations":[{"start":{"line":126,"column":12},"end":{"line":126,"column":12}},{"start":{"line":126,"column":12},"end":{"line":126,"column":12}}]},"18":{"line":132,"type":"if","locations":[{"start":{"line":132,"column":12},"end":{"line":132,"column":12}},{"start":{"line":132,"column":12},"end":{"line":132,"column":12}}]},"19":{"line":144,"type":"if","locations":[{"start":{"line":144,"column":8},"end":{"line":144,"column":8}},{"start":{"line":144,"column":8},"end":{"line":144,"column":8}}]},"
[...]
 parent","         * @param  {Boolean} skipKeyedNodes If true then elements with keys will be skipped and not discarded.","         * @return {undefined}","         */","        function removeNode(node, parentNode, skipKeyedNodes) {","            if (onBeforeNodeDiscarded(node) === false) {","                return;","            }","","            if (parentNode) {","                parentNode.removeChild(node);","            }","","            onNodeDiscarded(node);","            walkDiscardedChildNodes(node, skipKeyedNodes);","        }","","        // // TreeWalker implementation is no faster, but keeping this around in case this changes in the future","        // function indexTree(root) {","        //     var treeWalker = document.createTreeWalker(","        //         root,","        //         NodeFilter.SHOW_ELEMENT);","        //","        //     var el;","        //     while((el = treeWalker.nextNode())) {","        //         var key = getNodeKey(el);","        //         if (key) {","        //             fromNodesLookup[key] = el;","        //         }","        //     }","        // }","","        // // NodeIterator implementation is no faster, but keeping this around in case this changes in the future","        //","        // function indexTree(node) {","        //     var nodeIterator = document.createNodeIterator(node, NodeFilter.SHOW_ELEMENT);","        //     var el;","        //     while((el = nodeIterator.nextNode())) {","        //         var key = getNodeKey(el);","        //         if (key) {","        //             fromNodesLookup[key] = el;","        //         }","        //     }","        // }","","        function indexTree(node) {","            if (node.nodeType === ELEMENT_NODE) {","                var curChild = node.firstChild;","                while (curChild) {","                    var key = getNodeKey(curChild);","                    if (key) {","                        fromNodesLookup[key] = curChild;","                    }","","                    // Walk recursively","                    indexTree(curChild);","","                    curChild = curChild.nextSibling;","                }","            }","        }","","        indexTree(fromNode);","","        function handleNodeAdded(el) {","            onNodeAdded(el);","","            var curChild = el.firstChild;","            while (curChild) {","                var nextSibling = curChild.nextSibling;","","                var key = getNodeKey(curChild);","                if (key) {","                    var unmatchedFromEl = fromNodesLookup[key];","                    if (unmatchedFromEl && compareNodeNames(curChild, unmatchedFromEl)) {","                        curChild.parentNode.replaceChild(unmatchedFromEl, curChild);","                        morphEl(unmatchedFromEl, curChild);","                    }","                }","","                handleNodeAdded(curChild);","                curChild = nextSibling;","            }","        }","","        function morphEl(fromEl, toEl, childrenOnly) {","            var toElKey = getNodeKey(toEl);","            var curFromNodeKey;","","            if (toElKey) {","                // If an element with an ID is being morphed then it is will be in the final","                // DOM so clear it out of the saved elements collection","                delete fromNodesLookup[toElKey];","            }","","            if (toNode.isSameNode && toNode.isSameNode(fromNode)) {","                return;","            }","","            if (!childrenOnly) {","                if (onBeforeElUpdated(fromEl, toEl) === false) {","                    return;","                }","","                morphAttrs(fromEl, toEl);","                onElUpdated(fromEl);","","                if (onBeforeElChildrenUpdated(fromEl, toEl) === false) {","                    return;","                }","            }","","            if (fromEl.nodeName !== 'TEXTAREA') {","                var curToNodeChild = toEl.firstChild;","                var curFromNodeChild = fromEl.firstChild;","                var curToNodeKey;","","                var fromNextSibling;","                var toNextSibling;","                var matchingFromEl;","","                outer: while (curToNodeChild) {","                    toNextSibling = curToNodeChild.nextSibling;","                    curToNodeKey = getNodeKey(curToNodeChild);","","                    while (curFromNodeChild) {","                        fromNextSibling = curFromNodeChild.nextSibling;","","                        if (curToNodeChild.isSameNode && curToNodeChild.isSameNode(curFromNodeChild)) {","                            curToNodeChild = toNextSibling;","                            curFromNodeChild = fromNextSibling;","                            continue outer;","                        }","","                        curFromNodeKey = getNodeKey(curFromNodeChild);","","                        var curFromNodeType = curFromNodeChild.nodeType;","","                        var isCompatible = undefined;","","                        if (curFromNodeType === curToNodeChild.nodeType) {","                            if (curFromNodeType === ELEMENT_NODE) {","                                // Both nodes being compared are Element nodes","","                                if (curToNodeKey) {","                                    // The target node has a key so we want to match it up with the correct element","                                    // in the original DOM tree","                                    if (curToNodeKey !== curFromNodeKey) {","                                        // The current element in the original DOM tree does not have a matching key so","                                        // let's check our lookup to see if there is a matching element in the original","                                        // DOM tree","                                        if ((matchingFromEl = fromNodesLookup[curToNodeKey])) {","                                            if (curFromNodeChild.nextSibling === matchingFromEl) {","                                                // Special case for single element removals. To avoid removing the original","                                                // DOM node out of the tree (since that can break CSS transitions, etc.),","                                                // we will instead discard the current node and wait until the next","                                                // iteration to properly match up the keyed target element with its matching","                                                // element in the original tree","                                                isCompatible = false;","                                            } else {","                                                // We found a matching keyed element somewhere in the original DOM tree.","                                                // Let's moving the original DOM node into the current position and morph","                                                // it.","","                                                // NOTE: We use insertBefore instead of replaceChild because we want to go through","                                                // the `removeNode()` function for the node that is being discarded so that","                                                // all lifecycle hooks are correctly invoked","                                                fromEl.insertBefore(matchingFromEl, curFromNodeChild);","","                                                fromNextSibling = curFromNodeChild.nextSibling;","","                                                if (curFromNodeKey) {","                                                    // Since the node is keyed it might be matched up later so we defer","                                                    // the actual removal to later","                                                    addKeyedRemoval(curFromNodeKey);","                                                } else {","                                                    // NOTE: we skip nested keyed nodes from being removed since there is","                                                    //       still a chance they will be matched up later","                                                    removeNode(curFromNodeChild, fromEl, true /* skip keyed nodes */);","                                                }","","                                                curFromNodeChild = matchingFromEl;","                                            }","                                        } else {","                                            // The nodes are not compatible since the \"to\" node has a key and there","                                            // is no matching keyed node in the source tree","                                            isCompatible = false;","                                        }","                                    }","                                } else if (curFromNodeKey) {","                                    // The original has a key","                                    isCompatible = false;","                                }","","                                isCompatible = isCompatible !== false && compareNodeNames(curFromNodeChild, curToNodeChild);","                                if (isCompatible) {","                                    // We found compatible DOM elements so transform","                                    // the current \"from\" node to match the current","                                    // target DOM node.","                                    morphEl(curFromNodeChild, curToNodeChild);","                                }","","                            } else if (curFromNodeType === TEXT_NODE || curFromNodeType == COMMENT_NODE) {","                                // Both nodes being compared are Text or Comment nodes","                                isCompatible = true;","                                // Simply update nodeValue on the original node to","                                // change the text value","                                curFromNodeChild.nodeValue = curToNodeChild.nodeValue;","                            }","                        }","","                        if (isCompatible) {","                            // Advance both the \"to\" child and the \"from\" child since we found a match","                            curToNodeChild = toNextSibling;","                            curFromNodeChild = fromNextSibling;","                            continue outer;","                        }","","                        // No compatible match so remove the old node from the DOM and continue trying to find a","                        // match in the original DOM. However, we only do this if the from node is not keyed","                        // since it is possible that a keyed node might match up with a node somewhere else in the","                        // target tree and we don't want to discard it just yet since it still might find a","                        // home in the final DOM tree. After everything is done we will remove any keyed nodes","                        // that didn't find a home","                        if (curFromNodeKey) {","                            // Since the node is keyed it might be matched up later so we defer","                            // the actual removal to later","                            addKeyedRemoval(curFromNodeKey);","                        } else {","                            // NOTE: we skip nested keyed nodes from being removed since there is","                            //       still a chance they will be matched up later","                            removeNode(curFromNodeChild, fromEl, true /* skip keyed nodes */);","                        }","","                        curFromNodeChild = fromNextSibling;","                    }","","                    // If we got this far then we did not find a candidate match for","                    // our \"to node\" and we exhausted all of the children \"from\"","                    // nodes. Therefore, we will just append the current \"to\" node","                    // to the end","                    if (curToNodeKey && (matchingFromEl = fromNodesLookup[curToNodeKey]) && compareNodeNames(matchingFromEl, curToNodeChild)) {","                        fromEl.appendChild(matchingFromEl);","                        morphEl(matchingFromEl, curToNodeChild);","                    } else {","                        var onBeforeNodeAddedResult = onBeforeNodeAdded(curToNodeChild);","                        if (onBeforeNodeAddedResult !== false) {","                            if (onBeforeNodeAddedResult) {","                                curToNodeChild = onBeforeNodeAddedResult;","                            }","","                            if (curToNodeChild.actualize) {","                                curToNodeChild = curToNodeChild.actualize(fromEl.ownerDocument || doc);","                            }","                            fromEl.appendChild(curToNodeChild);","                            handleNodeAdded(curToNodeChild);","                        }","                    }","","                    curToNodeChild = toNextSibling;","                    curFromNodeChild = fromNextSibling;","                }","","                // We have processed all of the \"to nodes\". If curFromNodeChild is","                // non-null then we still have some from nodes left over that need","                // to be removed","                while (curFromNodeChild) {","                    fromNextSibling = curFromNodeChild.nextSibling;","                    if ((curFromNodeKey = getNodeKey(curFromNodeChild))) {","                        // Since the node is keyed it might be matched up later so we defer","                        // the actual removal to later","                        addKeyedRemoval(curFromNodeKey);","                    } else {","                        // NOTE: we skip nested keyed nodes from being removed since there is","                        //       still a chance they will be matched up later","                        removeNode(curFromNodeChild, fromEl, true /* skip keyed nodes */);","                    }","                    curFromNodeChild = fromNextSibling;","                }","            }","","            var specialElHandler = specialElHandlers[fromEl.nodeName];","            if (specialElHandler) {","                specialElHandler(fromEl, toEl);","            }","        } // END: morphEl(...)","","        var morphedNode = fromNode;","        var morphedNodeType = morphedNode.nodeType;","        var toNodeType = toNode.nodeType;","","        if (!childrenOnly) {","            // Handle the case where we are given two DOM nodes that are not","            // compatible (e.g. <div> --> <span> or <div> --> TEXT)","            if (morphedNodeType === ELEMENT_NODE) {","                if (toNodeType === ELEMENT_NODE) {","                    if (!compareNodeNames(fromNode, toNode)) {","                        onNodeDiscarded(fromNode);","                        morphedNode = moveChildren(fromNode, createElementNS(toNode.nodeName, toNode.namespaceURI));","                    }","                } else {","                    // Going from an element node to a text node","                    morphedNode = toNode;","                }","            } else if (morphedNodeType === TEXT_NODE || morphedNodeType === COMMENT_NODE) { // Text or comment node","                if (toNodeType === morphedNodeType) {","                    morphedNode.nodeValue = toNode.nodeValue;","                    return morphedNode;","                } else {","                    // Text node to something else","                    morphedNode = toNode;","                }","            }","        }","","        if (morphedNode === toNode) {","            // The \"to node\" was not compatible with the \"from node\" so we had to","            // toss out the \"from node\" and use the \"to node\"","            onNodeDiscarded(fromNode);","        } else {","            morphEl(morphedNode, toNode, childrenOnly);","","            // We now need to loop over any keyed nodes that might need to be","            // removed. We only do the removal if we know that the keyed node","            // never found a match. When a keyed node is matched up we remove","            // it out of fromNodesLookup and we use fromNodesLookup to determine","            // if a keyed node has been matched up or not","            if (keyedRemovalList) {","                for (var i=0, len=keyedRemovalList.length; i<len; i++) {","                    var elToRemove = fromNodesLookup[keyedRemovalList[i]];","                    if (elToRemove) {","                        removeNode(elToRemove, elToRemove.parentNode, false);","                    }","                }","            }","        }","","        if (!childrenOnly && morphedNode !== fromNode && fromNode.parentNode) {","            if (morphedNode.actualize) {","                morphedNode = morphedNode.actualize(fromNode.ownerDocument || doc);","            }","            // If we had to swap out the from node with a new node because the old","            // node was not compatible with the target node then we need to","            // replace the old DOM node in the original DOM tree. This is only","            // possible if the original DOM node was part of a DOM tree which","            // we know is the case if it has a parent node.","            fromNode.parentNode.replaceChild(morphedNode, fromNode);","        }","","        return morphedNode;","    };","}","","module.exports = morphdomFactory;",""],"l":{"3":1,"4":1,"6":1,"8":1,"14":1,"16":1,"17":0,"18":0,"20":1,"21":0,"22":0,"25":1,"26":0,"30":1,"33":1,"34":0,"35":0,"36":0,"39":0,"40":0,"41":0,"43":0,"44":0,"46":0,"59":1,"60":0,"61":0,"63":0,"64":0,"67":0,"73":0,"75":0,"88":1,"89":0,"97":1,"98":0,"99":0,"100":0,"101":0,"102":0,"104":0,"107":1,"108":0,"109":0,"110":0,"111":0,"113":0,"118":1,"124":0,"133":0,"134":0,"136":0,"137":0,"140":0,"141":0,"146":0,"147":0,"148":0,"151":0,"152":0,"155":0,"157":0,"158":0,"161":0,"165":0,"166":0,"167":0,"168":0,"169":0,"170":0,"171":0,"172":0,"173":0,"174":0,"176":0,"178":0,"181":0,"186":1,"187":1,"188":1,"190":1,"192":1,"193":0,"196":1,"198":0,"199":0,"200":0,"203":0,"204":0,"205":0,"206":0,"207":0,"209":0,"213":0,"214":0,"215":0,"216":0,"217":0,"218":0,"219":0,"220":0,"221":0,"224":0,"225":0,"227":1,"228":0,"229":0,"231":0,"235":1,"236":0,"237":0,"238":0,"240":0,"242":0,"245":0,"250":0,"251":0,"252":0,"256":0,"269":1,"270":0,"271":0,"274":0,"275":0,"278":0,"279":0,"310":1,"311":0,"312":0,"313":0,"314":0,"315":0,"316":0,"320":0,"322":0,"327":0,"329":1,"330":0,"332":0,"333":0,"334":0,"336":0,"337":0,"338":0,"339":0,"340":0,"341":0,"345":0,"346":0,"350":1,"351":0,"352":0,"354":0,"357":0,"360":0,"361":0,"364":0,"365":0,"366":0,"369":0,"370":0,"372":0,"373":0,"377":0,"378":0,"379":0,"380":0,"382":0,"383":0,"384":0,"386":0,"387":0,"388":0,"390":0,"391":0,"393":0,"394":0,"395":0,"396":0,"399":0,"401":0,"403":0,"405":0,"406":0,"409":0,"412":0,"416":0,"417":0,"423":0,"432":0,"434":0,"436":0,"439":0,"443":0,"446":0,"451":0,"454":0,"456":0,"459":0,"460":0,"464":0,"467":0,"469":0,"472":0,"476":0,"478":0,"479":0,"480":0,"489":0,"492":0,"496":0,"499":0,"506":0,"507":0,"508":0,"510":0,"511":0,"512":0,"513":0,"516":0,"517":0,"519":0,"520":0,"524":0,"525":0,"531":0,"532":0,"533":0,"536":0,"540":0,"542":0,"546":0,"547":0,"548":0,"552":0,"553":0,"554":0,"556":0,"559":0,"560":0,"561":0,"562":0,"563":0,"567":0,"569":0,"570":0,"571":0,"572":0,"575":0,"580":0,"583":0,"585":0,"592":0,"593":0,"594":0,"595":0,"596":0,"602":0,"603":0,"604":0,"611":0,"614":0,"618":1}}}